{"/root/.haus/extensions/mail-access/src/background-service.ts": {"path":"/root/.haus/extensions/mail-access/src/background-service.ts","statementMap":{"0":{"start":{"line":6,"column":46},"end":{"line":6,"column":null}},"1":{"start":{"line":7,"column":31},"end":{"line":7,"column":null}},"2":{"start":{"line":8,"column":39},"end":{"line":8,"column":null}},"3":{"start":{"line":11,"column":12},"end":{"line":11,"column":null}},"4":{"start":{"line":12,"column":12},"end":{"line":12,"column":null}},"5":{"start":{"line":15,"column":4},"end":{"line":15,"column":null}},"6":{"start":{"line":19,"column":4},"end":{"line":22,"column":null}},"7":{"start":{"line":20,"column":6},"end":{"line":20,"column":null}},"8":{"start":{"line":21,"column":6},"end":{"line":21,"column":null}},"9":{"start":{"line":24,"column":4},"end":{"line":24,"column":null}},"10":{"start":{"line":26,"column":4},"end":{"line":45,"column":null}},"11":{"start":{"line":27,"column":6},"end":{"line":27,"column":null}},"12":{"start":{"line":28,"column":6},"end":{"line":28,"column":null}},"13":{"start":{"line":29,"column":6},"end":{"line":29,"column":null}},"14":{"start":{"line":31,"column":27},"end":{"line":31,"column":null}},"15":{"start":{"line":32,"column":6},"end":{"line":32,"column":null}},"16":{"start":{"line":34,"column":6},"end":{"line":40,"column":null}},"17":{"start":{"line":35,"column":8},"end":{"line":39,"column":null}},"18":{"start":{"line":36,"column":10},"end":{"line":36,"column":null}},"19":{"start":{"line":38,"column":10},"end":{"line":38,"column":null}},"20":{"start":{"line":43,"column":6},"end":{"line":43,"column":null}},"21":{"start":{"line":44,"column":6},"end":{"line":44,"column":null}},"22":{"start":{"line":49,"column":4},"end":{"line":49,"column":null}},"23":{"start":{"line":51,"column":4},"end":{"line":54,"column":null}},"24":{"start":{"line":52,"column":6},"end":{"line":52,"column":null}},"25":{"start":{"line":53,"column":6},"end":{"line":53,"column":null}},"26":{"start":{"line":56,"column":4},"end":{"line":56,"column":null}},"27":{"start":{"line":58,"column":4},"end":{"line":62,"column":null}},"28":{"start":{"line":59,"column":6},"end":{"line":59,"column":null}},"29":{"start":{"line":61,"column":6},"end":{"line":61,"column":null}},"30":{"start":{"line":66,"column":24},"end":{"line":66,"column":null}},"31":{"start":{"line":68,"column":4},"end":{"line":68,"column":null}},"32":{"start":{"line":70,"column":24},"end":{"line":73,"column":null}},"33":{"start":{"line":75,"column":4},"end":{"line":75,"column":null}},"34":{"start":{"line":77,"column":4},"end":{"line":80,"column":null}},"35":{"start":{"line":78,"column":6},"end":{"line":78,"column":null}},"36":{"start":{"line":79,"column":6},"end":{"line":79,"column":null}},"37":{"start":{"line":82,"column":4},"end":{"line":82,"column":null}},"38":{"start":{"line":83,"column":4},"end":{"line":83,"column":null}},"39":{"start":{"line":87,"column":4},"end":{"line":112,"column":null}},"40":{"start":{"line":88,"column":6},"end":{"line":95,"column":null}},"41":{"start":{"line":89,"column":8},"end":{"line":89,"column":null}},"42":{"start":{"line":90,"column":8},"end":{"line":93,"column":null}},"43":{"start":{"line":94,"column":8},"end":{"line":94,"column":null}},"44":{"start":{"line":97,"column":6},"end":{"line":107,"column":null}},"45":{"start":{"line":98,"column":8},"end":{"line":98,"column":null}},"46":{"start":{"line":99,"column":8},"end":{"line":105,"column":null}},"47":{"start":{"line":106,"column":8},"end":{"line":106,"column":null}},"48":{"start":{"line":109,"column":6},"end":{"line":109,"column":null}},"49":{"start":{"line":111,"column":6},"end":{"line":111,"column":null}},"50":{"start":{"line":116,"column":4},"end":{"line":118,"column":null}},"51":{"start":{"line":117,"column":6},"end":{"line":117,"column":null}},"52":{"start":{"line":120,"column":19},"end":{"line":120,"column":null}},"53":{"start":{"line":121,"column":4},"end":{"line":121,"column":null}},"54":{"start":{"line":123,"column":21},"end":{"line":125,"column":null}},"55":{"start":{"line":127,"column":23},"end":{"line":127,"column":null}},"56":{"start":{"line":128,"column":4},"end":{"line":128,"column":null}},"57":{"start":{"line":128,"column":41},"end":{"line":128,"column":72}},"58":{"start":{"line":132,"column":21},"end":{"line":132,"column":null}},"59":{"start":{"line":133,"column":4},"end":{"line":133,"column":null}},"60":{"start":{"line":143,"column":4},"end":{"line":145,"column":null}},"61":{"start":{"line":144,"column":6},"end":{"line":144,"column":null}},"62":{"start":{"line":147,"column":24},"end":{"line":147,"column":null}},"63":{"start":{"line":148,"column":29},"end":{"line":148,"column":null}},"64":{"start":{"line":150,"column":4},"end":{"line":150,"column":null}},"65":{"start":{"line":151,"column":23},"end":{"line":151,"column":null}},"66":{"start":{"line":153,"column":4},"end":{"line":153,"column":null}},"67":{"start":{"line":154,"column":28},"end":{"line":154,"column":null}},"68":{"start":{"line":156,"column":4},"end":{"line":162,"column":null}},"69":{"start":{"line":167,"column":18},"end":{"line":167,"column":null}},"70":{"start":{"line":169,"column":2},"end":{"line":181,"column":null}},"71":{"start":{"line":174,"column":6},"end":{"line":174,"column":null}},"72":{"start":{"line":175,"column":6},"end":{"line":175,"column":null}},"73":{"start":{"line":178,"column":6},"end":{"line":178,"column":null}},"74":{"start":{"line":179,"column":6},"end":{"line":179,"column":null}},"75":{"start":{"line":183,"column":2},"end":{"line":183,"column":null}}},"fnMap":{"0":{"name":"(anonymous_0)","decl":{"start":{"line":10,"column":2},"end":{"line":10,"column":null}},"loc":{"start":{"line":14,"column":4},"end":{"line":16,"column":null}},"line":14},"1":{"name":"(anonymous_1)","decl":{"start":{"line":18,"column":8},"end":{"line":18,"column":31}},"loc":{"start":{"line":18,"column":31},"end":{"line":46,"column":null}},"line":18},"2":{"name":"(anonymous_2)","decl":{"start":{"line":34,"column":36},"end":{"line":34,"column":48}},"loc":{"start":{"line":34,"column":48},"end":{"line":40,"column":9}},"line":34},"3":{"name":"(anonymous_3)","decl":{"start":{"line":48,"column":8},"end":{"line":48,"column":30}},"loc":{"start":{"line":48,"column":30},"end":{"line":63,"column":null}},"line":48},"4":{"name":"(anonymous_4)","decl":{"start":{"line":65,"column":16},"end":{"line":65,"column":49}},"loc":{"start":{"line":65,"column":49},"end":{"line":84,"column":null}},"line":65},"5":{"name":"(anonymous_5)","decl":{"start":{"line":86,"column":16},"end":{"line":86,"column":37}},"loc":{"start":{"line":86,"column":74},"end":{"line":113,"column":null}},"line":86},"6":{"name":"(anonymous_6)","decl":{"start":{"line":115,"column":8},"end":{"line":115,"column":26}},"loc":{"start":{"line":115,"column":62},"end":{"line":129,"column":null}},"line":115},"7":{"name":"(anonymous_7)","decl":{"start":{"line":128,"column":27},"end":{"line":128,"column":28}},"loc":{"start":{"line":128,"column":41},"end":{"line":128,"column":72}},"line":128},"8":{"name":"(anonymous_8)","decl":{"start":{"line":131,"column":8},"end":{"line":131,"column":45}},"loc":{"start":{"line":131,"column":45},"end":{"line":134,"column":null}},"line":131},"9":{"name":"(anonymous_9)","decl":{"start":{"line":136,"column":8},"end":{"line":136,"column":null}},"loc":{"start":{"line":142,"column":5},"end":{"line":163,"column":null}},"line":142},"10":{"name":"registerBackgroundService","decl":{"start":{"line":166,"column":16},"end":{"line":166,"column":42}},"loc":{"start":{"line":166,"column":74},"end":{"line":184,"column":null}},"line":166},"11":{"name":"(anonymous_11)","decl":{"start":{"line":173,"column":11},"end":{"line":173,"column":23}},"loc":{"start":{"line":173,"column":23},"end":{"line":176,"column":null}},"line":173},"12":{"name":"(anonymous_12)","decl":{"start":{"line":177,"column":10},"end":{"line":177,"column":22}},"loc":{"start":{"line":177,"column":22},"end":{"line":180,"column":null}},"line":177}},"branchMap":{"0":{"loc":{"start":{"line":19,"column":4},"end":{"line":22,"column":null}},"type":"if","locations":[{"start":{"line":19,"column":4},"end":{"line":22,"column":null}},{"start":{},"end":{}}],"line":19},"1":{"loc":{"start":{"line":31,"column":27},"end":{"line":31,"column":null}},"type":"binary-expr","locations":[{"start":{"line":31,"column":27},"end":{"line":31,"column":65}},{"start":{"line":31,"column":65},"end":{"line":31,"column":null}}],"line":31},"2":{"loc":{"start":{"line":51,"column":4},"end":{"line":54,"column":null}},"type":"if","locations":[{"start":{"line":51,"column":4},"end":{"line":54,"column":null}},{"start":{},"end":{}}],"line":51},"3":{"loc":{"start":{"line":66,"column":24},"end":{"line":66,"column":null}},"type":"binary-expr","locations":[{"start":{"line":66,"column":24},"end":{"line":66,"column":54}},{"start":{"line":66,"column":54},"end":{"line":66,"column":null}}],"line":66},"4":{"loc":{"start":{"line":77,"column":4},"end":{"line":80,"column":null}},"type":"if","locations":[{"start":{"line":77,"column":4},"end":{"line":80,"column":null}},{"start":{},"end":{}}],"line":77},"5":{"loc":{"start":{"line":88,"column":6},"end":{"line":95,"column":null}},"type":"if","locations":[{"start":{"line":88,"column":6},"end":{"line":95,"column":null}},{"start":{},"end":{}}],"line":88},"6":{"loc":{"start":{"line":97,"column":6},"end":{"line":107,"column":null}},"type":"if","locations":[{"start":{"line":97,"column":6},"end":{"line":107,"column":null}},{"start":{},"end":{}}],"line":97},"7":{"loc":{"start":{"line":115,"column":26},"end":{"line":115,"column":62}},"type":"default-arg","locations":[{"start":{"line":115,"column":42},"end":{"line":115,"column":62}}],"line":115},"8":{"loc":{"start":{"line":116,"column":4},"end":{"line":118,"column":null}},"type":"if","locations":[{"start":{"line":116,"column":4},"end":{"line":118,"column":null}},{"start":{},"end":{}}],"line":116},"9":{"loc":{"start":{"line":120,"column":19},"end":{"line":120,"column":null}},"type":"binary-expr","locations":[{"start":{"line":120,"column":19},"end":{"line":120,"column":49}},{"start":{"line":120,"column":49},"end":{"line":120,"column":null}}],"line":120},"10":{"loc":{"start":{"line":143,"column":4},"end":{"line":145,"column":null}},"type":"if","locations":[{"start":{"line":143,"column":4},"end":{"line":145,"column":null}},{"start":{},"end":{}}],"line":143},"11":{"loc":{"start":{"line":147,"column":24},"end":{"line":147,"column":null}},"type":"binary-expr","locations":[{"start":{"line":147,"column":24},"end":{"line":147,"column":54}},{"start":{"line":147,"column":54},"end":{"line":147,"column":null}}],"line":147},"12":{"loc":{"start":{"line":148,"column":29},"end":{"line":148,"column":null}},"type":"binary-expr","locations":[{"start":{"line":148,"column":29},"end":{"line":148,"column":64}},{"start":{"line":148,"column":64},"end":{"line":148,"column":null}}],"line":148}},"s":{"0":13,"1":13,"2":13,"3":13,"4":13,"5":13,"6":14,"7":1,"8":1,"9":13,"10":13,"11":13,"12":12,"13":12,"14":12,"15":14,"16":14,"17":4,"18":4,"19":0,"20":1,"21":1,"22":2,"23":2,"24":2,"25":2,"26":2,"27":2,"28":2,"29":1,"30":16,"31":16,"32":16,"33":16,"34":16,"35":5,"36":5,"37":16,"38":16,"39":5,"40":5,"41":5,"42":5,"43":5,"44":0,"45":0,"46":0,"47":0,"48":0,"49":0,"50":2,"51":1,"52":2,"53":2,"54":2,"55":2,"56":2,"57":1,"58":0,"59":0,"60":2,"61":0,"62":2,"63":2,"64":2,"65":2,"66":2,"67":2,"68":2,"69":0,"70":0,"71":0,"72":0,"73":0,"74":0,"75":0},"f":{"0":13,"1":14,"2":4,"3":2,"4":16,"5":5,"6":2,"7":1,"8":0,"9":2,"10":0,"11":0,"12":0},"b":{"0":[1,13],"1":[12,0],"2":[2,0],"3":[16,0],"4":[5,11],"5":[5,0],"6":[0,0],"7":[2],"8":[1,1],"9":[2,0],"10":[0,2],"11":[2,0],"12":[2,0]},"meta":{"lastBranch":13,"lastFunction":13,"lastStatement":76,"seen":{"s:6:46:6:Infinity":0,"s:7:31:7:Infinity":1,"s:8:39:8:Infinity":2,"f:10:2:10:Infinity":0,"s:11:12:11:Infinity":3,"s:12:12:12:Infinity":4,"s:15:4:15:Infinity":5,"f:18:8:18:31":1,"b:19:4:22:Infinity:undefined:undefined:undefined:undefined":0,"s:19:4:22:Infinity":6,"s:20:6:20:Infinity":7,"s:21:6:21:Infinity":8,"s:24:4:24:Infinity":9,"s:26:4:45:Infinity":10,"s:27:6:27:Infinity":11,"s:28:6:28:Infinity":12,"s:29:6:29:Infinity":13,"s:31:27:31:Infinity":14,"b:31:27:31:65:31:65:31:Infinity":1,"s:32:6:32:Infinity":15,"s:34:6:40:Infinity":16,"f:34:36:34:48":2,"s:35:8:39:Infinity":17,"s:36:10:36:Infinity":18,"s:38:10:38:Infinity":19,"s:43:6:43:Infinity":20,"s:44:6:44:Infinity":21,"f:48:8:48:30":3,"s:49:4:49:Infinity":22,"b:51:4:54:Infinity:undefined:undefined:undefined:undefined":2,"s:51:4:54:Infinity":23,"s:52:6:52:Infinity":24,"s:53:6:53:Infinity":25,"s:56:4:56:Infinity":26,"s:58:4:62:Infinity":27,"s:59:6:59:Infinity":28,"s:61:6:61:Infinity":29,"f:65:16:65:49":4,"s:66:24:66:Infinity":30,"b:66:24:66:54:66:54:66:Infinity":3,"s:68:4:68:Infinity":31,"s:70:24:73:Infinity":32,"s:75:4:75:Infinity":33,"b:77:4:80:Infinity:undefined:undefined:undefined:undefined":4,"s:77:4:80:Infinity":34,"s:78:6:78:Infinity":35,"s:79:6:79:Infinity":36,"s:82:4:82:Infinity":37,"s:83:4:83:Infinity":38,"f:86:16:86:37":5,"s:87:4:112:Infinity":39,"b:88:6:95:Infinity:undefined:undefined:undefined:undefined":5,"s:88:6:95:Infinity":40,"s:89:8:89:Infinity":41,"s:90:8:93:Infinity":42,"s:94:8:94:Infinity":43,"b:97:6:107:Infinity:undefined:undefined:undefined:undefined":6,"s:97:6:107:Infinity":44,"s:98:8:98:Infinity":45,"s:99:8:105:Infinity":46,"s:106:8:106:Infinity":47,"s:109:6:109:Infinity":48,"s:111:6:111:Infinity":49,"f:115:8:115:26":6,"b:115:42:115:62":7,"b:116:4:118:Infinity:undefined:undefined:undefined:undefined":8,"s:116:4:118:Infinity":50,"s:117:6:117:Infinity":51,"s:120:19:120:Infinity":52,"b:120:19:120:49:120:49:120:Infinity":9,"s:121:4:121:Infinity":53,"s:123:21:125:Infinity":54,"s:127:23:127:Infinity":55,"s:128:4:128:Infinity":56,"f:128:27:128:28":7,"s:128:41:128:72":57,"f:131:8:131:45":8,"s:132:21:132:Infinity":58,"s:133:4:133:Infinity":59,"f:136:8:136:Infinity":9,"b:143:4:145:Infinity:undefined:undefined:undefined:undefined":10,"s:143:4:145:Infinity":60,"s:144:6:144:Infinity":61,"s:147:24:147:Infinity":62,"b:147:24:147:54:147:54:147:Infinity":11,"s:148:29:148:Infinity":63,"b:148:29:148:64:148:64:148:Infinity":12,"s:150:4:150:Infinity":64,"s:151:23:151:Infinity":65,"s:153:4:153:Infinity":66,"s:154:28:154:Infinity":67,"s:156:4:162:Infinity":68,"f:166:16:166:42":10,"s:167:18:167:Infinity":69,"s:169:2:181:Infinity":70,"f:173:11:173:23":11,"s:174:6:174:Infinity":71,"s:175:6:175:Infinity":72,"f:177:10:177:22":12,"s:178:6:178:Infinity":73,"s:179:6:179:Infinity":74,"s:183:2:183:Infinity":75}}}
,"/root/.haus/extensions/mail-access/src/imap-client.ts": {"path":"/root/.haus/extensions/mail-access/src/imap-client.ts","statementMap":{"0":{"start":{"line":25,"column":43},"end":{"line":25,"column":null}},"1":{"start":{"line":26,"column":31},"end":{"line":26,"column":null}},"2":{"start":{"line":29,"column":12},"end":{"line":29,"column":null}},"3":{"start":{"line":32,"column":4},"end":{"line":49,"column":null}},"4":{"start":{"line":33,"column":6},"end":{"line":33,"column":null}},"5":{"start":{"line":35,"column":6},"end":{"line":48,"column":null}},"6":{"start":{"line":53,"column":4},"end":{"line":62,"column":null}},"7":{"start":{"line":54,"column":6},"end":{"line":56,"column":null}},"8":{"start":{"line":55,"column":8},"end":{"line":55,"column":null}},"9":{"start":{"line":57,"column":6},"end":{"line":57,"column":null}},"10":{"start":{"line":58,"column":6},"end":{"line":58,"column":null}},"11":{"start":{"line":60,"column":6},"end":{"line":60,"column":null}},"12":{"start":{"line":61,"column":6},"end":{"line":61,"column":null}},"13":{"start":{"line":66,"column":4},"end":{"line":75,"column":null}},"14":{"start":{"line":67,"column":6},"end":{"line":69,"column":null}},"15":{"start":{"line":68,"column":8},"end":{"line":68,"column":null}},"16":{"start":{"line":70,"column":6},"end":{"line":70,"column":null}},"17":{"start":{"line":71,"column":6},"end":{"line":71,"column":null}},"18":{"start":{"line":73,"column":6},"end":{"line":73,"column":null}},"19":{"start":{"line":74,"column":6},"end":{"line":74,"column":null}},"20":{"start":{"line":79,"column":4},"end":{"line":81,"column":null}},"21":{"start":{"line":80,"column":6},"end":{"line":80,"column":null}},"22":{"start":{"line":82,"column":4},"end":{"line":84,"column":null}},"23":{"start":{"line":83,"column":6},"end":{"line":83,"column":null}},"24":{"start":{"line":88,"column":4},"end":{"line":90,"column":null}},"25":{"start":{"line":89,"column":6},"end":{"line":89,"column":null}},"26":{"start":{"line":91,"column":4},"end":{"line":94,"column":null}},"27":{"start":{"line":92,"column":25},"end":{"line":92,"column":null}},"28":{"start":{"line":93,"column":6},"end":{"line":93,"column":null}},"29":{"start":{"line":93,"column":45},"end":{"line":93,"column":56}},"30":{"start":{"line":95,"column":4},"end":{"line":95,"column":null}},"31":{"start":{"line":104,"column":4},"end":{"line":106,"column":null}},"32":{"start":{"line":105,"column":6},"end":{"line":105,"column":null}},"33":{"start":{"line":108,"column":70},"end":{"line":108,"column":null}},"34":{"start":{"line":110,"column":30},"end":{"line":110,"column":null}},"35":{"start":{"line":112,"column":4},"end":{"line":114,"column":null}},"36":{"start":{"line":113,"column":6},"end":{"line":113,"column":null}},"37":{"start":{"line":116,"column":4},"end":{"line":120,"column":null}},"38":{"start":{"line":117,"column":6},"end":{"line":117,"column":null}},"39":{"start":{"line":118,"column":4},"end":{"line":120,"column":null}},"40":{"start":{"line":119,"column":6},"end":{"line":119,"column":null}},"41":{"start":{"line":122,"column":4},"end":{"line":158,"column":null}},"42":{"start":{"line":123,"column":30},"end":{"line":128,"column":null}},"43":{"start":{"line":130,"column":38},"end":{"line":130,"column":null}},"44":{"start":{"line":132,"column":6},"end":{"line":155,"column":null}},"45":{"start":{"line":133,"column":21},"end":{"line":133,"column":null}},"46":{"start":{"line":134,"column":24},"end":{"line":134,"column":null}},"47":{"start":{"line":136,"column":8},"end":{"line":154,"column":null}},"48":{"start":{"line":140,"column":42},"end":{"line":140,"column":51}},"49":{"start":{"line":149,"column":44},"end":{"line":149,"column":53}},"50":{"start":{"line":157,"column":6},"end":{"line":157,"column":null}},"51":{"start":{"line":159,"column":4},"end":{"line":159,"column":null}},"52":{"start":{"line":163,"column":4},"end":{"line":165,"column":null}},"53":{"start":{"line":164,"column":6},"end":{"line":164,"column":null}},"54":{"start":{"line":167,"column":4},"end":{"line":197,"column":null}},"55":{"start":{"line":168,"column":27},"end":{"line":173,"column":null}},"56":{"start":{"line":175,"column":19},"end":{"line":175,"column":null}},"57":{"start":{"line":176,"column":22},"end":{"line":176,"column":null}},"58":{"start":{"line":178,"column":6},"end":{"line":196,"column":null}},"59":{"start":{"line":182,"column":40},"end":{"line":182,"column":49}},"60":{"start":{"line":191,"column":42},"end":{"line":191,"column":51}},"61":{"start":{"line":198,"column":4},"end":{"line":198,"column":null}},"62":{"start":{"line":202,"column":4},"end":{"line":204,"column":null}},"63":{"start":{"line":203,"column":6},"end":{"line":203,"column":null}},"64":{"start":{"line":206,"column":4},"end":{"line":209,"column":null}},"65":{"start":{"line":207,"column":6},"end":{"line":207,"column":null}},"66":{"start":{"line":208,"column":6},"end":{"line":208,"column":null}},"67":{"start":{"line":213,"column":4},"end":{"line":215,"column":null}},"68":{"start":{"line":214,"column":6},"end":{"line":214,"column":null}},"69":{"start":{"line":217,"column":4},"end":{"line":220,"column":null}},"70":{"start":{"line":218,"column":6},"end":{"line":218,"column":null}},"71":{"start":{"line":219,"column":6},"end":{"line":219,"column":null}},"72":{"start":{"line":224,"column":4},"end":{"line":226,"column":null}},"73":{"start":{"line":225,"column":6},"end":{"line":225,"column":null}},"74":{"start":{"line":228,"column":4},"end":{"line":271,"column":null}},"75":{"start":{"line":229,"column":23},"end":{"line":232,"column":null}},"76":{"start":{"line":234,"column":38},"end":{"line":234,"column":null}},"77":{"start":{"line":236,"column":6},"end":{"line":268,"column":null}},"78":{"start":{"line":237,"column":21},"end":{"line":237,"column":null}},"79":{"start":{"line":238,"column":24},"end":{"line":238,"column":null}},"80":{"start":{"line":240,"column":8},"end":{"line":267,"column":null}},"81":{"start":{"line":252,"column":63},"end":{"line":252,"column":88}},"82":{"start":{"line":253,"column":59},"end":{"line":253,"column":84}},"83":{"start":{"line":258,"column":12},"end":{"line":258,"column":null}},"84":{"start":{"line":259,"column":32},"end":{"line":266,"column":12}},"85":{"start":{"line":270,"column":6},"end":{"line":270,"column":null}},"86":{"start":{"line":272,"column":4},"end":{"line":272,"column":null}},"87":{"start":{"line":276,"column":4},"end":{"line":278,"column":null}},"88":{"start":{"line":277,"column":6},"end":{"line":277,"column":null}},"89":{"start":{"line":280,"column":4},"end":{"line":292,"column":null}},"90":{"start":{"line":281,"column":21},"end":{"line":284,"column":null}},"91":{"start":{"line":286,"column":6},"end":{"line":291,"column":null}},"92":{"start":{"line":293,"column":4},"end":{"line":293,"column":null}}},"fnMap":{"0":{"name":"(anonymous_0)","decl":{"start":{"line":28,"column":2},"end":{"line":28,"column":null}},"loc":{"start":{"line":31,"column":4},"end":{"line":50,"column":null}},"line":31},"1":{"name":"(anonymous_1)","decl":{"start":{"line":52,"column":8},"end":{"line":52,"column":33}},"loc":{"start":{"line":52,"column":33},"end":{"line":63,"column":null}},"line":52},"2":{"name":"(anonymous_2)","decl":{"start":{"line":65,"column":8},"end":{"line":65,"column":36}},"loc":{"start":{"line":65,"column":36},"end":{"line":76,"column":null}},"line":65},"3":{"name":"(anonymous_3)","decl":{"start":{"line":78,"column":8},"end":{"line":78,"column":21}},"loc":{"start":{"line":78,"column":52},"end":{"line":85,"column":null}},"line":78},"4":{"name":"(anonymous_4)","decl":{"start":{"line":87,"column":8},"end":{"line":87,"column":41}},"loc":{"start":{"line":87,"column":41},"end":{"line":96,"column":null}},"line":87},"5":{"name":"(anonymous_5)","decl":{"start":{"line":93,"column":28},"end":{"line":93,"column":29}},"loc":{"start":{"line":93,"column":45},"end":{"line":93,"column":56}},"line":93},"6":{"name":"(anonymous_6)","decl":{"start":{"line":98,"column":8},"end":{"line":98,"column":20}},"loc":{"start":{"line":103,"column":26},"end":{"line":160,"column":null}},"line":103},"7":{"name":"(anonymous_7)","decl":{"start":{"line":140,"column":30},"end":{"line":140,"column":31}},"loc":{"start":{"line":140,"column":42},"end":{"line":140,"column":51}},"line":140},"8":{"name":"(anonymous_8)","decl":{"start":{"line":149,"column":32},"end":{"line":149,"column":33}},"loc":{"start":{"line":149,"column":44},"end":{"line":149,"column":53}},"line":149},"9":{"name":"(anonymous_9)","decl":{"start":{"line":162,"column":8},"end":{"line":162,"column":19}},"loc":{"start":{"line":162,"column":45},"end":{"line":199,"column":null}},"line":162},"10":{"name":"(anonymous_10)","decl":{"start":{"line":182,"column":28},"end":{"line":182,"column":29}},"loc":{"start":{"line":182,"column":40},"end":{"line":182,"column":49}},"line":182},"11":{"name":"(anonymous_11)","decl":{"start":{"line":191,"column":30},"end":{"line":191,"column":31}},"loc":{"start":{"line":191,"column":42},"end":{"line":191,"column":51}},"line":191},"12":{"name":"(anonymous_12)","decl":{"start":{"line":201,"column":8},"end":{"line":201,"column":20}},"loc":{"start":{"line":201,"column":68},"end":{"line":210,"column":null}},"line":201},"13":{"name":"(anonymous_13)","decl":{"start":{"line":212,"column":8},"end":{"line":212,"column":20}},"loc":{"start":{"line":212,"column":68},"end":{"line":221,"column":null}},"line":212},"14":{"name":"(anonymous_14)","decl":{"start":{"line":223,"column":8},"end":{"line":223,"column":23}},"loc":{"start":{"line":223,"column":72},"end":{"line":273,"column":null}},"line":223},"15":{"name":"(anonymous_15)","decl":{"start":{"line":252,"column":51},"end":{"line":252,"column":52}},"loc":{"start":{"line":252,"column":63},"end":{"line":252,"column":88}},"line":252},"16":{"name":"(anonymous_16)","decl":{"start":{"line":253,"column":47},"end":{"line":253,"column":48}},"loc":{"start":{"line":253,"column":59},"end":{"line":253,"column":84}},"line":253},"17":{"name":"(anonymous_17)","decl":{"start":{"line":257,"column":45},"end":{"line":257,"column":46}},"loc":{"start":{"line":258,"column":12},"end":{"line":258,"column":null}},"line":258},"18":{"name":"(anonymous_18)","decl":{"start":{"line":259,"column":16},"end":{"line":259,"column":17}},"loc":{"start":{"line":259,"column":32},"end":{"line":266,"column":12}},"line":259},"19":{"name":"(anonymous_19)","decl":{"start":{"line":275,"column":8},"end":{"line":275,"column":23}},"loc":{"start":{"line":275,"column":53},"end":{"line":294,"column":null}},"line":275}},"branchMap":{"0":{"loc":{"start":{"line":32,"column":4},"end":{"line":49,"column":null}},"type":"if","locations":[{"start":{"line":32,"column":4},"end":{"line":49,"column":null}},{"start":{"line":34,"column":11},"end":{"line":49,"column":null}}],"line":32},"1":{"loc":{"start":{"line":54,"column":6},"end":{"line":56,"column":null}},"type":"if","locations":[{"start":{"line":54,"column":6},"end":{"line":56,"column":null}},{"start":{},"end":{}}],"line":54},"2":{"loc":{"start":{"line":67,"column":6},"end":{"line":69,"column":null}},"type":"if","locations":[{"start":{"line":67,"column":6},"end":{"line":69,"column":null}},{"start":{},"end":{}}],"line":67},"3":{"loc":{"start":{"line":79,"column":4},"end":{"line":81,"column":null}},"type":"if","locations":[{"start":{"line":79,"column":4},"end":{"line":81,"column":null}},{"start":{},"end":{}}],"line":79},"4":{"loc":{"start":{"line":82,"column":4},"end":{"line":84,"column":null}},"type":"if","locations":[{"start":{"line":82,"column":4},"end":{"line":84,"column":null}},{"start":{},"end":{}}],"line":82},"5":{"loc":{"start":{"line":88,"column":4},"end":{"line":90,"column":null}},"type":"if","locations":[{"start":{"line":88,"column":4},"end":{"line":90,"column":null}},{"start":{},"end":{}}],"line":88},"6":{"loc":{"start":{"line":91,"column":4},"end":{"line":94,"column":null}},"type":"if","locations":[{"start":{"line":91,"column":4},"end":{"line":94,"column":null}},{"start":{},"end":{}}],"line":91},"7":{"loc":{"start":{"line":98,"column":20},"end":{"line":103,"column":26}},"type":"default-arg","locations":[{"start":{"line":103,"column":6},"end":{"line":103,"column":26}}],"line":98},"8":{"loc":{"start":{"line":104,"column":4},"end":{"line":106,"column":null}},"type":"if","locations":[{"start":{"line":104,"column":4},"end":{"line":106,"column":null}},{"start":{},"end":{}}],"line":104},"9":{"loc":{"start":{"line":108,"column":12},"end":{"line":108,"column":24}},"type":"default-arg","locations":[{"start":{"line":108,"column":20},"end":{"line":108,"column":24}}],"line":108},"10":{"loc":{"start":{"line":108,"column":24},"end":{"line":108,"column":36}},"type":"default-arg","locations":[{"start":{"line":108,"column":33},"end":{"line":108,"column":36}}],"line":108},"11":{"loc":{"start":{"line":108,"column":50},"end":{"line":108,"column":66}},"type":"default-arg","locations":[{"start":{"line":108,"column":59},"end":{"line":108,"column":66}}],"line":108},"12":{"loc":{"start":{"line":112,"column":4},"end":{"line":114,"column":null}},"type":"if","locations":[{"start":{"line":112,"column":4},"end":{"line":114,"column":null}},{"start":{},"end":{}}],"line":112},"13":{"loc":{"start":{"line":116,"column":4},"end":{"line":120,"column":null}},"type":"if","locations":[{"start":{"line":116,"column":4},"end":{"line":120,"column":null}},{"start":{"line":118,"column":4},"end":{"line":120,"column":null}}],"line":116},"14":{"loc":{"start":{"line":118,"column":4},"end":{"line":120,"column":null}},"type":"if","locations":[{"start":{"line":118,"column":4},"end":{"line":120,"column":null}},{"start":{},"end":{}}],"line":118},"15":{"loc":{"start":{"line":122,"column":4},"end":{"line":158,"column":null}},"type":"if","locations":[{"start":{"line":122,"column":4},"end":{"line":158,"column":null}},{"start":{},"end":{}}],"line":122},"16":{"loc":{"start":{"line":133,"column":21},"end":{"line":133,"column":null}},"type":"binary-expr","locations":[{"start":{"line":133,"column":21},"end":{"line":133,"column":37}},{"start":{"line":133,"column":37},"end":{"line":133,"column":null}}],"line":133},"17":{"loc":{"start":{"line":137,"column":21},"end":{"line":137,"column":48}},"type":"binary-expr","locations":[{"start":{"line":137,"column":21},"end":{"line":137,"column":36}},{"start":{"line":137,"column":36},"end":{"line":137,"column":48}}],"line":137},"18":{"loc":{"start":{"line":139,"column":16},"end":{"line":139,"column":null}},"type":"binary-expr","locations":[{"start":{"line":139,"column":16},"end":{"line":139,"column":41}},{"start":{"line":139,"column":41},"end":{"line":139,"column":null}}],"line":139},"19":{"loc":{"start":{"line":140,"column":14},"end":{"line":140,"column":null}},"type":"binary-expr","locations":[{"start":{"line":140,"column":14},"end":{"line":140,"column":66}},{"start":{"line":140,"column":66},"end":{"line":140,"column":null}}],"line":140},"20":{"loc":{"start":{"line":141,"column":19},"end":{"line":141,"column":null}},"type":"binary-expr","locations":[{"start":{"line":141,"column":19},"end":{"line":141,"column":38}},{"start":{"line":141,"column":38},"end":{"line":141,"column":null}}],"line":141},"21":{"loc":{"start":{"line":142,"column":25},"end":{"line":142,"column":51}},"type":"binary-expr","locations":[{"start":{"line":142,"column":25},"end":{"line":142,"column":41}},{"start":{"line":142,"column":41},"end":{"line":142,"column":51}}],"line":142},"22":{"loc":{"start":{"line":143,"column":16},"end":{"line":143,"column":null}},"type":"binary-expr","locations":[{"start":{"line":143,"column":16},"end":{"line":143,"column":32}},{"start":{"line":143,"column":32},"end":{"line":143,"column":null}}],"line":143},"23":{"loc":{"start":{"line":144,"column":17},"end":{"line":144,"column":null}},"type":"binary-expr","locations":[{"start":{"line":144,"column":17},"end":{"line":144,"column":34}},{"start":{"line":144,"column":34},"end":{"line":144,"column":null}}],"line":144},"24":{"loc":{"start":{"line":148,"column":18},"end":{"line":148,"column":null}},"type":"binary-expr","locations":[{"start":{"line":148,"column":18},"end":{"line":148,"column":43}},{"start":{"line":148,"column":43},"end":{"line":148,"column":null}}],"line":148},"25":{"loc":{"start":{"line":149,"column":16},"end":{"line":149,"column":null}},"type":"binary-expr","locations":[{"start":{"line":149,"column":16},"end":{"line":149,"column":68}},{"start":{"line":149,"column":68},"end":{"line":149,"column":null}}],"line":149},"26":{"loc":{"start":{"line":150,"column":21},"end":{"line":150,"column":null}},"type":"binary-expr","locations":[{"start":{"line":150,"column":21},"end":{"line":150,"column":40}},{"start":{"line":150,"column":40},"end":{"line":150,"column":null}}],"line":150},"27":{"loc":{"start":{"line":153,"column":23},"end":{"line":153,"column":null}},"type":"binary-expr","locations":[{"start":{"line":153,"column":23},"end":{"line":153,"column":46}},{"start":{"line":153,"column":46},"end":{"line":153,"column":null}}],"line":153},"28":{"loc":{"start":{"line":163,"column":4},"end":{"line":165,"column":null}},"type":"if","locations":[{"start":{"line":163,"column":4},"end":{"line":165,"column":null}},{"start":{},"end":{}}],"line":163},"29":{"loc":{"start":{"line":167,"column":4},"end":{"line":197,"column":null}},"type":"if","locations":[{"start":{"line":167,"column":4},"end":{"line":197,"column":null}},{"start":{},"end":{}}],"line":167},"30":{"loc":{"start":{"line":175,"column":19},"end":{"line":175,"column":null}},"type":"binary-expr","locations":[{"start":{"line":175,"column":19},"end":{"line":175,"column":35}},{"start":{"line":175,"column":35},"end":{"line":175,"column":null}}],"line":175},"31":{"loc":{"start":{"line":179,"column":19},"end":{"line":179,"column":46}},"type":"binary-expr","locations":[{"start":{"line":179,"column":19},"end":{"line":179,"column":34}},{"start":{"line":179,"column":34},"end":{"line":179,"column":46}}],"line":179},"32":{"loc":{"start":{"line":181,"column":14},"end":{"line":181,"column":null}},"type":"binary-expr","locations":[{"start":{"line":181,"column":14},"end":{"line":181,"column":39}},{"start":{"line":181,"column":39},"end":{"line":181,"column":null}}],"line":181},"33":{"loc":{"start":{"line":182,"column":12},"end":{"line":182,"column":null}},"type":"binary-expr","locations":[{"start":{"line":182,"column":12},"end":{"line":182,"column":64}},{"start":{"line":182,"column":64},"end":{"line":182,"column":null}}],"line":182},"34":{"loc":{"start":{"line":183,"column":17},"end":{"line":183,"column":null}},"type":"binary-expr","locations":[{"start":{"line":183,"column":17},"end":{"line":183,"column":36}},{"start":{"line":183,"column":36},"end":{"line":183,"column":null}}],"line":183},"35":{"loc":{"start":{"line":184,"column":23},"end":{"line":184,"column":49}},"type":"binary-expr","locations":[{"start":{"line":184,"column":23},"end":{"line":184,"column":39}},{"start":{"line":184,"column":39},"end":{"line":184,"column":49}}],"line":184},"36":{"loc":{"start":{"line":185,"column":14},"end":{"line":185,"column":null}},"type":"binary-expr","locations":[{"start":{"line":185,"column":14},"end":{"line":185,"column":30}},{"start":{"line":185,"column":30},"end":{"line":185,"column":null}}],"line":185},"37":{"loc":{"start":{"line":186,"column":15},"end":{"line":186,"column":null}},"type":"binary-expr","locations":[{"start":{"line":186,"column":15},"end":{"line":186,"column":32}},{"start":{"line":186,"column":32},"end":{"line":186,"column":null}}],"line":186},"38":{"loc":{"start":{"line":190,"column":16},"end":{"line":190,"column":null}},"type":"binary-expr","locations":[{"start":{"line":190,"column":16},"end":{"line":190,"column":41}},{"start":{"line":190,"column":41},"end":{"line":190,"column":null}}],"line":190},"39":{"loc":{"start":{"line":191,"column":14},"end":{"line":191,"column":null}},"type":"binary-expr","locations":[{"start":{"line":191,"column":14},"end":{"line":191,"column":66}},{"start":{"line":191,"column":66},"end":{"line":191,"column":null}}],"line":191},"40":{"loc":{"start":{"line":192,"column":19},"end":{"line":192,"column":null}},"type":"binary-expr","locations":[{"start":{"line":192,"column":19},"end":{"line":192,"column":38}},{"start":{"line":192,"column":38},"end":{"line":192,"column":null}}],"line":192},"41":{"loc":{"start":{"line":195,"column":21},"end":{"line":195,"column":null}},"type":"binary-expr","locations":[{"start":{"line":195,"column":21},"end":{"line":195,"column":44}},{"start":{"line":195,"column":44},"end":{"line":195,"column":null}}],"line":195},"42":{"loc":{"start":{"line":202,"column":4},"end":{"line":204,"column":null}},"type":"if","locations":[{"start":{"line":202,"column":4},"end":{"line":204,"column":null}},{"start":{},"end":{}}],"line":202},"43":{"loc":{"start":{"line":206,"column":4},"end":{"line":209,"column":null}},"type":"if","locations":[{"start":{"line":206,"column":4},"end":{"line":209,"column":null}},{"start":{},"end":{}}],"line":206},"44":{"loc":{"start":{"line":213,"column":4},"end":{"line":215,"column":null}},"type":"if","locations":[{"start":{"line":213,"column":4},"end":{"line":215,"column":null}},{"start":{},"end":{}}],"line":213},"45":{"loc":{"start":{"line":217,"column":4},"end":{"line":220,"column":null}},"type":"if","locations":[{"start":{"line":217,"column":4},"end":{"line":220,"column":null}},{"start":{},"end":{}}],"line":217},"46":{"loc":{"start":{"line":224,"column":4},"end":{"line":226,"column":null}},"type":"if","locations":[{"start":{"line":224,"column":4},"end":{"line":226,"column":null}},{"start":{},"end":{}}],"line":224},"47":{"loc":{"start":{"line":228,"column":4},"end":{"line":271,"column":null}},"type":"if","locations":[{"start":{"line":228,"column":4},"end":{"line":271,"column":null}},{"start":{},"end":{}}],"line":228},"48":{"loc":{"start":{"line":237,"column":21},"end":{"line":237,"column":null}},"type":"binary-expr","locations":[{"start":{"line":237,"column":21},"end":{"line":237,"column":43}},{"start":{"line":237,"column":43},"end":{"line":237,"column":null}}],"line":237},"49":{"loc":{"start":{"line":243,"column":16},"end":{"line":243,"column":null}},"type":"binary-expr","locations":[{"start":{"line":243,"column":16},"end":{"line":243,"column":70}},{"start":{"line":243,"column":70},"end":{"line":243,"column":null}}],"line":243},"50":{"loc":{"start":{"line":244,"column":14},"end":{"line":244,"column":null}},"type":"binary-expr","locations":[{"start":{"line":244,"column":14},"end":{"line":244,"column":66}},{"start":{"line":244,"column":66},"end":{"line":244,"column":null}}],"line":244},"51":{"loc":{"start":{"line":245,"column":19},"end":{"line":245,"column":null}},"type":"binary-expr","locations":[{"start":{"line":245,"column":19},"end":{"line":245,"column":53}},{"start":{"line":245,"column":53},"end":{"line":245,"column":null}}],"line":245},"52":{"loc":{"start":{"line":246,"column":25},"end":{"line":246,"column":62}},"type":"binary-expr","locations":[{"start":{"line":246,"column":25},"end":{"line":246,"column":52}},{"start":{"line":246,"column":52},"end":{"line":246,"column":62}}],"line":246},"53":{"loc":{"start":{"line":248,"column":17},"end":{"line":248,"column":null}},"type":"binary-expr","locations":[{"start":{"line":248,"column":17},"end":{"line":248,"column":34}},{"start":{"line":248,"column":34},"end":{"line":248,"column":null}}],"line":248},"54":{"loc":{"start":{"line":257,"column":23},"end":{"line":266,"column":null}},"type":"binary-expr","locations":[{"start":{"line":257,"column":23},"end":{"line":266,"column":17}},{"start":{"line":266,"column":17},"end":{"line":266,"column":null}}],"line":257},"55":{"loc":{"start":{"line":261,"column":22},"end":{"line":261,"column":null}},"type":"binary-expr","locations":[{"start":{"line":261,"column":22},"end":{"line":261,"column":60}},{"start":{"line":261,"column":60},"end":{"line":261,"column":null}}],"line":261},"56":{"loc":{"start":{"line":276,"column":4},"end":{"line":278,"column":null}},"type":"if","locations":[{"start":{"line":276,"column":4},"end":{"line":278,"column":null}},{"start":{},"end":{}}],"line":276},"57":{"loc":{"start":{"line":280,"column":4},"end":{"line":292,"column":null}},"type":"if","locations":[{"start":{"line":280,"column":4},"end":{"line":292,"column":null}},{"start":{},"end":{}}],"line":280},"58":{"loc":{"start":{"line":288,"column":16},"end":{"line":288,"column":null}},"type":"binary-expr","locations":[{"start":{"line":288,"column":16},"end":{"line":288,"column":44}},{"start":{"line":288,"column":44},"end":{"line":288,"column":null}}],"line":288},"59":{"loc":{"start":{"line":289,"column":15},"end":{"line":289,"column":null}},"type":"binary-expr","locations":[{"start":{"line":289,"column":15},"end":{"line":289,"column":45}},{"start":{"line":289,"column":45},"end":{"line":289,"column":null}}],"line":289},"60":{"loc":{"start":{"line":290,"column":14},"end":{"line":290,"column":null}},"type":"binary-expr","locations":[{"start":{"line":290,"column":14},"end":{"line":290,"column":40}},{"start":{"line":290,"column":40},"end":{"line":290,"column":null}}],"line":290}},"s":{"0":41,"1":41,"2":41,"3":41,"4":41,"5":0,"6":39,"7":39,"8":39,"9":37,"10":37,"11":2,"12":2,"13":5,"14":5,"15":5,"16":3,"17":3,"18":2,"19":2,"20":25,"21":2,"22":25,"23":25,"24":2,"25":2,"26":2,"27":2,"28":1,"29":3,"30":0,"31":23,"32":5,"33":23,"34":23,"35":23,"36":1,"37":23,"38":17,"39":6,"40":0,"41":23,"42":23,"43":22,"44":22,"45":9,"46":9,"47":9,"48":7,"49":7,"50":22,"51":0,"52":2,"53":2,"54":2,"55":2,"56":1,"57":2,"58":2,"59":1,"60":1,"61":0,"62":3,"63":3,"64":3,"65":3,"66":2,"67":3,"68":3,"69":3,"70":3,"71":2,"72":2,"73":2,"74":2,"75":2,"76":1,"77":1,"78":1,"79":1,"80":1,"81":1,"82":1,"83":0,"84":0,"85":1,"86":0,"87":6,"88":2,"89":6,"90":6,"91":5,"92":0},"f":{"0":41,"1":39,"2":5,"3":25,"4":2,"5":3,"6":23,"7":7,"8":7,"9":2,"10":1,"11":1,"12":3,"13":3,"14":2,"15":1,"16":1,"17":0,"18":0,"19":6},"b":{"0":[41,0],"1":[39,0],"2":[5,0],"3":[2,23],"4":[25,0],"5":[2,0],"6":[2,0],"7":[23],"8":[5,18],"9":[23],"10":[23],"11":[23],"12":[1,22],"13":[17,6],"14":[0,6],"15":[23,0],"16":[9,2],"17":[9,2],"18":[9,2],"19":[9,2],"20":[9,2],"21":[9,2],"22":[9,0],"23":[9,0],"24":[9,2],"25":[9,2],"26":[9,2],"27":[9,2],"28":[2,0],"29":[2,0],"30":[1,0],"31":[2,0],"32":[2,0],"33":[2,0],"34":[2,0],"35":[2,0],"36":[2,0],"37":[2,0],"38":[2,0],"39":[2,0],"40":[2,0],"41":[2,0],"42":[3,0],"43":[3,0],"44":[3,0],"45":[3,0],"46":[2,0],"47":[2,0],"48":[1,0],"49":[1,0],"50":[1,0],"51":[1,0],"52":[1,0],"53":[1,0],"54":[1,0],"55":[0,0],"56":[2,4],"57":[6,0],"58":[5,3],"59":[6,3],"60":[6,3]},"meta":{"lastBranch":61,"lastFunction":20,"lastStatement":93,"seen":{"s:25:43:25:Infinity":0,"s:26:31:26:Infinity":1,"f:28:2:28:Infinity":0,"s:29:12:29:Infinity":2,"b:32:4:49:Infinity:34:11:49:Infinity":0,"s:32:4:49:Infinity":3,"s:33:6:33:Infinity":4,"s:35:6:48:Infinity":5,"f:52:8:52:33":1,"s:53:4:62:Infinity":6,"b:54:6:56:Infinity:undefined:undefined:undefined:undefined":1,"s:54:6:56:Infinity":7,"s:55:8:55:Infinity":8,"s:57:6:57:Infinity":9,"s:58:6:58:Infinity":10,"s:60:6:60:Infinity":11,"s:61:6:61:Infinity":12,"f:65:8:65:36":2,"s:66:4:75:Infinity":13,"b:67:6:69:Infinity:undefined:undefined:undefined:undefined":2,"s:67:6:69:Infinity":14,"s:68:8:68:Infinity":15,"s:70:6:70:Infinity":16,"s:71:6:71:Infinity":17,"s:73:6:73:Infinity":18,"s:74:6:74:Infinity":19,"f:78:8:78:21":3,"b:79:4:81:Infinity:undefined:undefined:undefined:undefined":3,"s:79:4:81:Infinity":20,"s:80:6:80:Infinity":21,"b:82:4:84:Infinity:undefined:undefined:undefined:undefined":4,"s:82:4:84:Infinity":22,"s:83:6:83:Infinity":23,"f:87:8:87:41":4,"b:88:4:90:Infinity:undefined:undefined:undefined:undefined":5,"s:88:4:90:Infinity":24,"s:89:6:89:Infinity":25,"b:91:4:94:Infinity:undefined:undefined:undefined:undefined":6,"s:91:4:94:Infinity":26,"s:92:25:92:Infinity":27,"s:93:6:93:Infinity":28,"f:93:28:93:29":5,"s:93:45:93:56":29,"s:95:4:95:Infinity":30,"f:98:8:98:20":6,"b:103:6:103:26":7,"b:104:4:106:Infinity:undefined:undefined:undefined:undefined":8,"s:104:4:106:Infinity":31,"s:105:6:105:Infinity":32,"s:108:70:108:Infinity":33,"b:108:20:108:24":9,"b:108:33:108:36":10,"b:108:59:108:66":11,"s:110:30:110:Infinity":34,"b:112:4:114:Infinity:undefined:undefined:undefined:undefined":12,"s:112:4:114:Infinity":35,"s:113:6:113:Infinity":36,"b:116:4:120:Infinity:118:4:120:Infinity":13,"s:116:4:120:Infinity":37,"s:117:6:117:Infinity":38,"b:118:4:120:Infinity:undefined:undefined:undefined:undefined":14,"s:118:4:120:Infinity":39,"s:119:6:119:Infinity":40,"b:122:4:158:Infinity:undefined:undefined:undefined:undefined":15,"s:122:4:158:Infinity":41,"s:123:30:128:Infinity":42,"s:130:38:130:Infinity":43,"s:132:6:155:Infinity":44,"s:133:21:133:Infinity":45,"b:133:21:133:37:133:37:133:Infinity":16,"s:134:24:134:Infinity":46,"s:136:8:154:Infinity":47,"b:137:21:137:36:137:36:137:48":17,"b:139:16:139:41:139:41:139:Infinity":18,"b:140:14:140:66:140:66:140:Infinity":19,"f:140:30:140:31":7,"s:140:42:140:51":48,"b:141:19:141:38:141:38:141:Infinity":20,"b:142:25:142:41:142:41:142:51":21,"b:143:16:143:32:143:32:143:Infinity":22,"b:144:17:144:34:144:34:144:Infinity":23,"b:148:18:148:43:148:43:148:Infinity":24,"b:149:16:149:68:149:68:149:Infinity":25,"f:149:32:149:33":8,"s:149:44:149:53":49,"b:150:21:150:40:150:40:150:Infinity":26,"b:153:23:153:46:153:46:153:Infinity":27,"s:157:6:157:Infinity":50,"s:159:4:159:Infinity":51,"f:162:8:162:19":9,"b:163:4:165:Infinity:undefined:undefined:undefined:undefined":28,"s:163:4:165:Infinity":52,"s:164:6:164:Infinity":53,"b:167:4:197:Infinity:undefined:undefined:undefined:undefined":29,"s:167:4:197:Infinity":54,"s:168:27:173:Infinity":55,"s:175:19:175:Infinity":56,"b:175:19:175:35:175:35:175:Infinity":30,"s:176:22:176:Infinity":57,"s:178:6:196:Infinity":58,"b:179:19:179:34:179:34:179:46":31,"b:181:14:181:39:181:39:181:Infinity":32,"b:182:12:182:64:182:64:182:Infinity":33,"f:182:28:182:29":10,"s:182:40:182:49":59,"b:183:17:183:36:183:36:183:Infinity":34,"b:184:23:184:39:184:39:184:49":35,"b:185:14:185:30:185:30:185:Infinity":36,"b:186:15:186:32:186:32:186:Infinity":37,"b:190:16:190:41:190:41:190:Infinity":38,"b:191:14:191:66:191:66:191:Infinity":39,"f:191:30:191:31":11,"s:191:42:191:51":60,"b:192:19:192:38:192:38:192:Infinity":40,"b:195:21:195:44:195:44:195:Infinity":41,"s:198:4:198:Infinity":61,"f:201:8:201:20":12,"b:202:4:204:Infinity:undefined:undefined:undefined:undefined":42,"s:202:4:204:Infinity":62,"s:203:6:203:Infinity":63,"b:206:4:209:Infinity:undefined:undefined:undefined:undefined":43,"s:206:4:209:Infinity":64,"s:207:6:207:Infinity":65,"s:208:6:208:Infinity":66,"f:212:8:212:20":13,"b:213:4:215:Infinity:undefined:undefined:undefined:undefined":44,"s:213:4:215:Infinity":67,"s:214:6:214:Infinity":68,"b:217:4:220:Infinity:undefined:undefined:undefined:undefined":45,"s:217:4:220:Infinity":69,"s:218:6:218:Infinity":70,"s:219:6:219:Infinity":71,"f:223:8:223:23":14,"b:224:4:226:Infinity:undefined:undefined:undefined:undefined":46,"s:224:4:226:Infinity":72,"s:225:6:225:Infinity":73,"b:228:4:271:Infinity:undefined:undefined:undefined:undefined":47,"s:228:4:271:Infinity":74,"s:229:23:232:Infinity":75,"s:234:38:234:Infinity":76,"s:236:6:268:Infinity":77,"s:237:21:237:Infinity":78,"b:237:21:237:43:237:43:237:Infinity":48,"s:238:24:238:Infinity":79,"s:240:8:267:Infinity":80,"b:243:16:243:70:243:70:243:Infinity":49,"b:244:14:244:66:244:66:244:Infinity":50,"b:245:19:245:53:245:53:245:Infinity":51,"b:246:25:246:52:246:52:246:62":52,"b:248:17:248:34:248:34:248:Infinity":53,"f:252:51:252:52":15,"s:252:63:252:88":81,"f:253:47:253:48":16,"s:253:59:253:84":82,"b:257:23:266:17:266:17:266:Infinity":54,"f:257:45:257:46":17,"s:258:12:258:Infinity":83,"f:259:16:259:17":18,"s:259:32:266:12":84,"b:261:22:261:60:261:60:261:Infinity":55,"s:270:6:270:Infinity":85,"s:272:4:272:Infinity":86,"f:275:8:275:23":19,"b:276:4:278:Infinity:undefined:undefined:undefined:undefined":56,"s:276:4:278:Infinity":87,"s:277:6:277:Infinity":88,"b:280:4:292:Infinity:undefined:undefined:undefined:undefined":57,"s:280:4:292:Infinity":89,"s:281:21:284:Infinity":90,"s:286:6:291:Infinity":91,"b:288:16:288:44:288:44:288:Infinity":58,"b:289:15:289:45:289:45:289:Infinity":59,"b:290:14:290:40:290:40:290:Infinity":60,"s:293:4:293:Infinity":92}}}
,"/root/.haus/extensions/mail-access/src/security-scanner.ts": {"path":"/root/.haus/extensions/mail-access/src/security-scanner.ts","statementMap":{"0":{"start":{"line":4,"column":22},"end":{"line":4,"column":35}},"1":{"start":{"line":7,"column":30},"end":{"line":7,"column":null}},"2":{"start":{"line":8,"column":40},"end":{"line":8,"column":null}},"3":{"start":{"line":9,"column":34},"end":{"line":9,"column":null}},"4":{"start":{"line":10,"column":24},"end":{"line":10,"column":null}},"5":{"start":{"line":11,"column":63},"end":{"line":11,"column":null}},"6":{"start":{"line":13,"column":10},"end":{"line":13,"column":null}},"7":{"start":{"line":14,"column":25},"end":{"line":14,"column":null}},"8":{"start":{"line":15,"column":20},"end":{"line":15,"column":null}},"9":{"start":{"line":16,"column":17},"end":{"line":16,"column":null}},"10":{"start":{"line":18,"column":29},"end":{"line":18,"column":null}},"11":{"start":{"line":18,"column":78},"end":{"line":18,"column":93}},"12":{"start":{"line":19,"column":28},"end":{"line":19,"column":null}},"13":{"start":{"line":19,"column":76},"end":{"line":19,"column":91}},"14":{"start":{"line":21,"column":30},"end":{"line":21,"column":null}},"15":{"start":{"line":23,"column":4},"end":{"line":27,"column":null}},"16":{"start":{"line":23,"column":45},"end":{"line":23,"column":87}},"17":{"start":{"line":23,"column":68},"end":{"line":23,"column":86}},"18":{"start":{"line":24,"column":6},"end":{"line":24,"column":null}},"19":{"start":{"line":25,"column":4},"end":{"line":27,"column":null}},"20":{"start":{"line":25,"column":43},"end":{"line":25,"column":89}},"21":{"start":{"line":26,"column":6},"end":{"line":26,"column":null}},"22":{"start":{"line":29,"column":4},"end":{"line":31,"column":null}},"23":{"start":{"line":30,"column":6},"end":{"line":30,"column":null}},"24":{"start":{"line":33,"column":36},"end":{"line":37,"column":null}},"25":{"start":{"line":34,"column":23},"end":{"line":34,"column":null}},"26":{"start":{"line":35,"column":6},"end":{"line":36,"column":null}},"27":{"start":{"line":35,"column":54},"end":{"line":35,"column":79}},"28":{"start":{"line":39,"column":4},"end":{"line":52,"column":null}},"29":{"start":{"line":40,"column":6},"end":{"line":40,"column":null}},"30":{"start":{"line":41,"column":6},"end":{"line":41,"column":null}},"31":{"start":{"line":42,"column":6},"end":{"line":42,"column":null}},"32":{"start":{"line":43,"column":6},"end":{"line":43,"column":null}},"33":{"start":{"line":44,"column":6},"end":{"line":44,"column":null}},"34":{"start":{"line":45,"column":6},"end":{"line":45,"column":null}},"35":{"start":{"line":46,"column":6},"end":{"line":46,"column":null}},"36":{"start":{"line":47,"column":6},"end":{"line":47,"column":null}},"37":{"start":{"line":48,"column":6},"end":{"line":48,"column":null}},"38":{"start":{"line":49,"column":6},"end":{"line":49,"column":null}},"39":{"start":{"line":50,"column":6},"end":{"line":50,"column":null}},"40":{"start":{"line":51,"column":6},"end":{"line":51,"column":null}},"41":{"start":{"line":54,"column":31},"end":{"line":54,"column":null}},"42":{"start":{"line":55,"column":4},"end":{"line":59,"column":null}},"43":{"start":{"line":56,"column":6},"end":{"line":56,"column":null}},"44":{"start":{"line":57,"column":6},"end":{"line":57,"column":null}},"45":{"start":{"line":58,"column":6},"end":{"line":58,"column":null}},"46":{"start":{"line":61,"column":4},"end":{"line":63,"column":null}},"47":{"start":{"line":62,"column":6},"end":{"line":62,"column":null}},"48":{"start":{"line":65,"column":4},"end":{"line":69,"column":null}},"49":{"start":{"line":66,"column":6},"end":{"line":66,"column":null}},"50":{"start":{"line":67,"column":6},"end":{"line":67,"column":null}},"51":{"start":{"line":68,"column":6},"end":{"line":68,"column":null}},"52":{"start":{"line":71,"column":37},"end":{"line":71,"column":null}},"53":{"start":{"line":72,"column":4},"end":{"line":89,"column":null}},"54":{"start":{"line":73,"column":6},"end":{"line":73,"column":null}},"55":{"start":{"line":74,"column":6},"end":{"line":74,"column":null}},"56":{"start":{"line":75,"column":6},"end":{"line":75,"column":null}},"57":{"start":{"line":76,"column":6},"end":{"line":76,"column":null}},"58":{"start":{"line":77,"column":6},"end":{"line":77,"column":null}},"59":{"start":{"line":78,"column":6},"end":{"line":78,"column":null}},"60":{"start":{"line":79,"column":6},"end":{"line":79,"column":null}},"61":{"start":{"line":80,"column":6},"end":{"line":80,"column":null}},"62":{"start":{"line":81,"column":6},"end":{"line":81,"column":null}},"63":{"start":{"line":82,"column":6},"end":{"line":82,"column":null}},"64":{"start":{"line":83,"column":6},"end":{"line":83,"column":null}},"65":{"start":{"line":84,"column":6},"end":{"line":84,"column":null}},"66":{"start":{"line":85,"column":6},"end":{"line":85,"column":null}},"67":{"start":{"line":86,"column":6},"end":{"line":86,"column":null}},"68":{"start":{"line":87,"column":6},"end":{"line":87,"column":null}},"69":{"start":{"line":88,"column":6},"end":{"line":88,"column":null}},"70":{"start":{"line":91,"column":4},"end":{"line":94,"column":null}},"71":{"start":{"line":92,"column":6},"end":{"line":92,"column":null}},"72":{"start":{"line":93,"column":6},"end":{"line":93,"column":null}},"73":{"start":{"line":96,"column":4},"end":{"line":99,"column":null}},"74":{"start":{"line":97,"column":6},"end":{"line":97,"column":null}},"75":{"start":{"line":98,"column":6},"end":{"line":98,"column":null}},"76":{"start":{"line":101,"column":53},"end":{"line":101,"column":null}},"77":{"start":{"line":103,"column":4},"end":{"line":107,"column":null}},"78":{"start":{"line":104,"column":6},"end":{"line":104,"column":null}},"79":{"start":{"line":105,"column":4},"end":{"line":107,"column":null}},"80":{"start":{"line":106,"column":6},"end":{"line":106,"column":null}},"81":{"start":{"line":109,"column":4},"end":{"line":116,"column":null}},"82":{"start":{"line":120,"column":10},"end":{"line":120,"column":null}},"83":{"start":{"line":121,"column":18},"end":{"line":121,"column":null}},"84":{"start":{"line":123,"column":4},"end":{"line":133,"column":null}},"85":{"start":{"line":124,"column":24},"end":{"line":124,"column":null}},"86":{"start":{"line":126,"column":6},"end":{"line":132,"column":null}},"87":{"start":{"line":137,"column":22},"end":{"line":137,"column":null}},"88":{"start":{"line":138,"column":18},"end":{"line":138,"column":null}},"89":{"start":{"line":139,"column":4},"end":{"line":139,"column":null}},"90":{"start":{"line":143,"column":21},"end":{"line":143,"column":null}},"91":{"start":{"line":144,"column":18},"end":{"line":144,"column":null}},"92":{"start":{"line":146,"column":4},"end":{"line":146,"column":null}},"93":{"start":{"line":146,"column":29},"end":{"line":146,"column":null}},"94":{"start":{"line":148,"column":16},"end":{"line":148,"column":null}},"95":{"start":{"line":149,"column":27},"end":{"line":152,"column":null}},"96":{"start":{"line":154,"column":4},"end":{"line":154,"column":null}},"97":{"start":{"line":158,"column":20},"end":{"line":158,"column":null}},"98":{"start":{"line":159,"column":4},"end":{"line":159,"column":null}},"99":{"start":{"line":163,"column":28},"end":{"line":182,"column":null}},"100":{"start":{"line":184,"column":20},"end":{"line":184,"column":null}},"101":{"start":{"line":186,"column":4},"end":{"line":188,"column":null}},"102":{"start":{"line":187,"column":6},"end":{"line":187,"column":null}},"103":{"start":{"line":192,"column":30},"end":{"line":205,"column":null}},"104":{"start":{"line":207,"column":4},"end":{"line":209,"column":null}},"105":{"start":{"line":208,"column":6},"end":{"line":208,"column":null}},"106":{"start":{"line":213,"column":31},"end":{"line":226,"column":null}},"107":{"start":{"line":228,"column":4},"end":{"line":230,"column":null}},"108":{"start":{"line":229,"column":28},"end":{"line":229,"column":97}},"109":{"start":{"line":229,"column":63},"end":{"line":229,"column":96}},"110":{"start":{"line":230,"column":25},"end":{"line":230,"column":72}},"111":{"start":{"line":234,"column":25},"end":{"line":242,"column":null}},"112":{"start":{"line":244,"column":4},"end":{"line":246,"column":null}},"113":{"start":{"line":245,"column":6},"end":{"line":245,"column":null}},"114":{"start":{"line":250,"column":25},"end":{"line":260,"column":null}},"115":{"start":{"line":262,"column":4},"end":{"line":264,"column":null}},"116":{"start":{"line":263,"column":6},"end":{"line":263,"column":null}},"117":{"start":{"line":268,"column":4},"end":{"line":274,"column":null}},"118":{"start":{"line":269,"column":23},"end":{"line":269,"column":null}},"119":{"start":{"line":270,"column":6},"end":{"line":273,"column":null}},"120":{"start":{"line":278,"column":4},"end":{"line":280,"column":null}},"121":{"start":{"line":279,"column":6},"end":{"line":279,"column":null}}},"fnMap":{"0":{"name":"(anonymous_0)","decl":{"start":{"line":4,"column":2},"end":{"line":4,"column":22}},"loc":{"start":{"line":4,"column":35},"end":{"line":4,"column":null}},"line":4},"1":{"name":"(anonymous_1)","decl":{"start":{"line":6,"column":2},"end":{"line":6,"column":17}},"loc":{"start":{"line":6,"column":53},"end":{"line":117,"column":null}},"line":6},"2":{"name":"(anonymous_2)","decl":{"start":{"line":18,"column":63},"end":{"line":18,"column":64}},"loc":{"start":{"line":18,"column":78},"end":{"line":18,"column":93}},"line":18},"3":{"name":"(anonymous_3)","decl":{"start":{"line":19,"column":61},"end":{"line":19,"column":62}},"loc":{"start":{"line":19,"column":76},"end":{"line":19,"column":91}},"line":19},"4":{"name":"(anonymous_4)","decl":{"start":{"line":23,"column":30},"end":{"line":23,"column":31}},"loc":{"start":{"line":23,"column":45},"end":{"line":23,"column":87}},"line":23},"5":{"name":"(anonymous_5)","decl":{"start":{"line":23,"column":58},"end":{"line":23,"column":68}},"loc":{"start":{"line":23,"column":68},"end":{"line":23,"column":86}},"line":23},"6":{"name":"(anonymous_6)","decl":{"start":{"line":25,"column":28},"end":{"line":25,"column":29}},"loc":{"start":{"line":25,"column":43},"end":{"line":25,"column":89}},"line":25},"7":{"name":"(anonymous_7)","decl":{"start":{"line":33,"column":62},"end":{"line":33,"column":63}},"loc":{"start":{"line":33,"column":90},"end":{"line":37,"column":5}},"line":33},"8":{"name":"(anonymous_8)","decl":{"start":{"line":35,"column":34},"end":{"line":35,"column":35}},"loc":{"start":{"line":35,"column":54},"end":{"line":35,"column":79}},"line":35},"9":{"name":"(anonymous_9)","decl":{"start":{"line":119,"column":10},"end":{"line":119,"column":32}},"loc":{"start":{"line":119,"column":59},"end":{"line":134,"column":null}},"line":119},"10":{"name":"(anonymous_10)","decl":{"start":{"line":123,"column":22},"end":{"line":123,"column":30}},"loc":{"start":{"line":123,"column":30},"end":{"line":133,"column":5}},"line":123},"11":{"name":"(anonymous_11)","decl":{"start":{"line":136,"column":10},"end":{"line":136,"column":23}},"loc":{"start":{"line":136,"column":50},"end":{"line":140,"column":null}},"line":136},"12":{"name":"(anonymous_12)","decl":{"start":{"line":142,"column":10},"end":{"line":142,"column":26}},"loc":{"start":{"line":142,"column":48},"end":{"line":155,"column":null}},"line":142},"13":{"name":"(anonymous_13)","decl":{"start":{"line":157,"column":10},"end":{"line":157,"column":22}},"loc":{"start":{"line":157,"column":44},"end":{"line":160,"column":null}},"line":157},"14":{"name":"(anonymous_14)","decl":{"start":{"line":162,"column":10},"end":{"line":162,"column":32}},"loc":{"start":{"line":162,"column":75},"end":{"line":189,"column":null}},"line":162},"15":{"name":"(anonymous_15)","decl":{"start":{"line":186,"column":24},"end":{"line":186,"column":null}},"loc":{"start":{"line":187,"column":6},"end":{"line":187,"column":null}},"line":187},"16":{"name":"(anonymous_16)","decl":{"start":{"line":191,"column":10},"end":{"line":191,"column":35}},"loc":{"start":{"line":191,"column":78},"end":{"line":210,"column":null}},"line":191},"17":{"name":"(anonymous_17)","decl":{"start":{"line":207,"column":34},"end":{"line":207,"column":null}},"loc":{"start":{"line":208,"column":6},"end":{"line":208,"column":null}},"line":208},"18":{"name":"(anonymous_18)","decl":{"start":{"line":212,"column":10},"end":{"line":212,"column":38}},"loc":{"start":{"line":212,"column":75},"end":{"line":231,"column":null}},"line":212},"19":{"name":"(anonymous_19)","decl":{"start":{"line":229,"column":14},"end":{"line":229,"column":28}},"loc":{"start":{"line":229,"column":28},"end":{"line":229,"column":97}},"line":229},"20":{"name":"(anonymous_20)","decl":{"start":{"line":229,"column":52},"end":{"line":229,"column":63}},"loc":{"start":{"line":229,"column":63},"end":{"line":229,"column":96}},"line":229},"21":{"name":"(anonymous_21)","decl":{"start":{"line":230,"column":11},"end":{"line":230,"column":25}},"loc":{"start":{"line":230,"column":25},"end":{"line":230,"column":72}},"line":230},"22":{"name":"(anonymous_22)","decl":{"start":{"line":233,"column":10},"end":{"line":233,"column":29}},"loc":{"start":{"line":233,"column":72},"end":{"line":247,"column":null}},"line":233},"23":{"name":"(anonymous_23)","decl":{"start":{"line":244,"column":29},"end":{"line":244,"column":null}},"loc":{"start":{"line":245,"column":6},"end":{"line":245,"column":null}},"line":245},"24":{"name":"(anonymous_24)","decl":{"start":{"line":249,"column":10},"end":{"line":249,"column":24}},"loc":{"start":{"line":249,"column":67},"end":{"line":265,"column":null}},"line":249},"25":{"name":"(anonymous_25)","decl":{"start":{"line":262,"column":29},"end":{"line":262,"column":null}},"loc":{"start":{"line":263,"column":6},"end":{"line":263,"column":null}},"line":263},"26":{"name":"(anonymous_26)","decl":{"start":{"line":267,"column":2},"end":{"line":267,"column":21}},"loc":{"start":{"line":267,"column":53},"end":{"line":275,"column":null}},"line":267},"27":{"name":"(anonymous_27)","decl":{"start":{"line":268,"column":24},"end":{"line":268,"column":35}},"loc":{"start":{"line":268,"column":35},"end":{"line":274,"column":5}},"line":268},"28":{"name":"(anonymous_28)","decl":{"start":{"line":277,"column":2},"end":{"line":277,"column":29}},"loc":{"start":{"line":277,"column":102},"end":{"line":281,"column":null}},"line":277},"29":{"name":"(anonymous_29)","decl":{"start":{"line":278,"column":27},"end":{"line":278,"column":null}},"loc":{"start":{"line":279,"column":6},"end":{"line":279,"column":null}},"line":279}},"branchMap":{"0":{"loc":{"start":{"line":13,"column":21},"end":{"line":13,"column":44}},"type":"binary-expr","locations":[{"start":{"line":13,"column":21},"end":{"line":13,"column":37}},{"start":{"line":13,"column":37},"end":{"line":13,"column":44}}],"line":13},"1":{"loc":{"start":{"line":13,"column":44},"end":{"line":13,"column":70}},"type":"binary-expr","locations":[{"start":{"line":13,"column":44},"end":{"line":13,"column":63}},{"start":{"line":13,"column":63},"end":{"line":13,"column":70}}],"line":13},"2":{"loc":{"start":{"line":13,"column":70},"end":{"line":13,"column":null}},"type":"binary-expr","locations":[{"start":{"line":13,"column":70},"end":{"line":13,"column":86}},{"start":{"line":13,"column":86},"end":{"line":13,"column":null}}],"line":13},"3":{"loc":{"start":{"line":15,"column":20},"end":{"line":15,"column":null}},"type":"binary-expr","locations":[{"start":{"line":15,"column":20},"end":{"line":15,"column":54}},{"start":{"line":15,"column":54},"end":{"line":15,"column":null}}],"line":15},"4":{"loc":{"start":{"line":18,"column":29},"end":{"line":18,"column":null}},"type":"binary-expr","locations":[{"start":{"line":18,"column":29},"end":{"line":18,"column":98}},{"start":{"line":18,"column":98},"end":{"line":18,"column":null}}],"line":18},"5":{"loc":{"start":{"line":19,"column":28},"end":{"line":19,"column":null}},"type":"binary-expr","locations":[{"start":{"line":19,"column":28},"end":{"line":19,"column":96}},{"start":{"line":19,"column":96},"end":{"line":19,"column":null}}],"line":19},"6":{"loc":{"start":{"line":23,"column":4},"end":{"line":27,"column":null}},"type":"if","locations":[{"start":{"line":23,"column":4},"end":{"line":27,"column":null}},{"start":{"line":25,"column":4},"end":{"line":27,"column":null}}],"line":23},"7":{"loc":{"start":{"line":25,"column":4},"end":{"line":27,"column":null}},"type":"if","locations":[{"start":{"line":25,"column":4},"end":{"line":27,"column":null}},{"start":{},"end":{}}],"line":25},"8":{"loc":{"start":{"line":25,"column":43},"end":{"line":25,"column":89}},"type":"binary-expr","locations":[{"start":{"line":25,"column":43},"end":{"line":25,"column":63}},{"start":{"line":25,"column":63},"end":{"line":25,"column":89}}],"line":25},"9":{"loc":{"start":{"line":29,"column":4},"end":{"line":31,"column":null}},"type":"if","locations":[{"start":{"line":29,"column":4},"end":{"line":31,"column":null}},{"start":{},"end":{}}],"line":29},"10":{"loc":{"start":{"line":35,"column":13},"end":{"line":36,"column":null}},"type":"binary-expr","locations":[{"start":{"line":35,"column":13},"end":{"line":35,"column":null}},{"start":{"line":36,"column":13},"end":{"line":36,"column":null}}],"line":35},"11":{"loc":{"start":{"line":39,"column":4},"end":{"line":52,"column":null}},"type":"if","locations":[{"start":{"line":39,"column":4},"end":{"line":52,"column":null}},{"start":{},"end":{}}],"line":39},"12":{"loc":{"start":{"line":55,"column":4},"end":{"line":59,"column":null}},"type":"if","locations":[{"start":{"line":55,"column":4},"end":{"line":59,"column":null}},{"start":{},"end":{}}],"line":55},"13":{"loc":{"start":{"line":61,"column":4},"end":{"line":63,"column":null}},"type":"if","locations":[{"start":{"line":61,"column":4},"end":{"line":63,"column":null}},{"start":{},"end":{}}],"line":61},"14":{"loc":{"start":{"line":65,"column":4},"end":{"line":69,"column":null}},"type":"if","locations":[{"start":{"line":65,"column":4},"end":{"line":69,"column":null}},{"start":{},"end":{}}],"line":65},"15":{"loc":{"start":{"line":71,"column":70},"end":{"line":71,"column":95}},"type":"binary-expr","locations":[{"start":{"line":71,"column":70},"end":{"line":71,"column":93}},{"start":{"line":71,"column":93},"end":{"line":71,"column":95}}],"line":71},"16":{"loc":{"start":{"line":72,"column":4},"end":{"line":89,"column":null}},"type":"if","locations":[{"start":{"line":72,"column":4},"end":{"line":89,"column":null}},{"start":{},"end":{}}],"line":72},"17":{"loc":{"start":{"line":91,"column":4},"end":{"line":94,"column":null}},"type":"if","locations":[{"start":{"line":91,"column":4},"end":{"line":94,"column":null}},{"start":{},"end":{}}],"line":91},"18":{"loc":{"start":{"line":96,"column":4},"end":{"line":99,"column":null}},"type":"if","locations":[{"start":{"line":96,"column":4},"end":{"line":99,"column":null}},{"start":{},"end":{}}],"line":96},"19":{"loc":{"start":{"line":103,"column":4},"end":{"line":107,"column":null}},"type":"if","locations":[{"start":{"line":103,"column":4},"end":{"line":107,"column":null}},{"start":{"line":105,"column":4},"end":{"line":107,"column":null}}],"line":103},"20":{"loc":{"start":{"line":103,"column":8},"end":{"line":103,"column":79}},"type":"binary-expr","locations":[{"start":{"line":103,"column":8},"end":{"line":103,"column":30}},{"start":{"line":103,"column":30},"end":{"line":103,"column":54}},{"start":{"line":103,"column":54},"end":{"line":103,"column":79}}],"line":103},"21":{"loc":{"start":{"line":105,"column":4},"end":{"line":107,"column":null}},"type":"if","locations":[{"start":{"line":105,"column":4},"end":{"line":107,"column":null}},{"start":{},"end":{}}],"line":105},"22":{"loc":{"start":{"line":105,"column":15},"end":{"line":105,"column":93}},"type":"binary-expr","locations":[{"start":{"line":105,"column":15},"end":{"line":105,"column":37}},{"start":{"line":105,"column":37},"end":{"line":105,"column":69}},{"start":{"line":105,"column":69},"end":{"line":105,"column":93}}],"line":105},"23":{"loc":{"start":{"line":120,"column":21},"end":{"line":120,"column":44}},"type":"binary-expr","locations":[{"start":{"line":120,"column":21},"end":{"line":120,"column":37}},{"start":{"line":120,"column":37},"end":{"line":120,"column":44}}],"line":120},"24":{"loc":{"start":{"line":120,"column":44},"end":{"line":120,"column":null}},"type":"binary-expr","locations":[{"start":{"line":120,"column":44},"end":{"line":120,"column":63}},{"start":{"line":120,"column":63},"end":{"line":120,"column":null}}],"line":120},"25":{"loc":{"start":{"line":126,"column":13},"end":{"line":132,"column":null}},"type":"binary-expr","locations":[{"start":{"line":126,"column":13},"end":{"line":126,"column":null}},{"start":{"line":127,"column":13},"end":{"line":127,"column":null}},{"start":{"line":128,"column":13},"end":{"line":128,"column":null}},{"start":{"line":129,"column":13},"end":{"line":129,"column":null}},{"start":{"line":130,"column":13},"end":{"line":130,"column":null}},{"start":{"line":131,"column":13},"end":{"line":131,"column":null}},{"start":{"line":132,"column":13},"end":{"line":132,"column":null}}],"line":126},"26":{"loc":{"start":{"line":138,"column":18},"end":{"line":138,"column":null}},"type":"binary-expr","locations":[{"start":{"line":138,"column":18},"end":{"line":138,"column":46}},{"start":{"line":138,"column":46},"end":{"line":138,"column":null}}],"line":138},"27":{"loc":{"start":{"line":146,"column":4},"end":{"line":146,"column":null}},"type":"if","locations":[{"start":{"line":146,"column":4},"end":{"line":146,"column":null}},{"start":{},"end":{}}],"line":146},"28":{"loc":{"start":{"line":146,"column":8},"end":{"line":146,"column":29}},"type":"binary-expr","locations":[{"start":{"line":146,"column":8},"end":{"line":146,"column":18}},{"start":{"line":146,"column":18},"end":{"line":146,"column":29}}],"line":146},"29":{"loc":{"start":{"line":184,"column":44},"end":{"line":184,"column":78}},"type":"binary-expr","locations":[{"start":{"line":184,"column":44},"end":{"line":184,"column":76}},{"start":{"line":184,"column":76},"end":{"line":184,"column":78}}],"line":184},"30":{"loc":{"start":{"line":187,"column":6},"end":{"line":187,"column":null}},"type":"binary-expr","locations":[{"start":{"line":187,"column":6},"end":{"line":187,"column":34}},{"start":{"line":187,"column":34},"end":{"line":187,"column":null}}],"line":187},"31":{"loc":{"start":{"line":208,"column":6},"end":{"line":208,"column":null}},"type":"binary-expr","locations":[{"start":{"line":208,"column":6},"end":{"line":208,"column":34}},{"start":{"line":208,"column":34},"end":{"line":208,"column":null}}],"line":208},"32":{"loc":{"start":{"line":245,"column":6},"end":{"line":245,"column":null}},"type":"binary-expr","locations":[{"start":{"line":245,"column":6},"end":{"line":245,"column":34}},{"start":{"line":245,"column":34},"end":{"line":245,"column":null}}],"line":245},"33":{"loc":{"start":{"line":263,"column":6},"end":{"line":263,"column":null}},"type":"binary-expr","locations":[{"start":{"line":263,"column":6},"end":{"line":263,"column":32}},{"start":{"line":263,"column":32},"end":{"line":263,"column":null}}],"line":263}},"s":{"0":16,"1":17,"2":17,"3":17,"4":17,"5":17,"6":17,"7":17,"8":17,"9":17,"10":17,"11":34,"12":17,"13":85,"14":17,"15":17,"16":29,"17":29,"18":6,"19":11,"20":11,"21":0,"22":17,"23":6,"24":17,"25":4,"26":4,"27":15,"28":17,"29":2,"30":2,"31":2,"32":2,"33":2,"34":2,"35":2,"36":2,"37":2,"38":2,"39":2,"40":2,"41":17,"42":17,"43":3,"44":3,"45":3,"46":17,"47":3,"48":17,"49":3,"50":3,"51":3,"52":17,"53":17,"54":2,"55":2,"56":2,"57":2,"58":2,"59":2,"60":2,"61":2,"62":2,"63":2,"64":2,"65":2,"66":2,"67":2,"68":2,"69":2,"70":17,"71":0,"72":0,"73":17,"74":3,"75":3,"76":17,"77":17,"78":3,"79":14,"80":5,"81":17,"82":17,"83":17,"84":17,"85":3,"86":3,"87":17,"88":17,"89":17,"90":1,"91":1,"92":1,"93":0,"94":1,"95":1,"96":1,"97":0,"98":0,"99":17,"100":17,"101":17,"102":297,"103":17,"104":17,"105":178,"106":17,"107":17,"108":4,"109":26,"110":2,"111":17,"112":17,"113":119,"114":17,"115":17,"116":129,"117":2,"118":3,"119":3,"120":2,"121":2},"f":{"0":16,"1":17,"2":34,"3":85,"4":29,"5":29,"6":11,"7":4,"8":15,"9":17,"10":3,"11":17,"12":1,"13":0,"14":17,"15":297,"16":17,"17":178,"18":17,"19":4,"20":26,"21":2,"22":17,"23":119,"24":17,"25":129,"26":2,"27":3,"28":2,"29":2},"b":{"0":[17,0],"1":[17,0],"2":[17,0],"3":[17,0],"4":[17,0],"5":[17,0],"6":[6,11],"7":[0,11],"8":[11,0],"9":[6,11],"10":[4,2],"11":[2,15],"12":[3,14],"13":[3,14],"14":[3,14],"15":[17,0],"16":[2,15],"17":[0,17],"18":[3,14],"19":[3,14],"20":[17,14,3],"21":[5,9],"22":[14,10,9],"23":[17,0],"24":[17,0],"25":[3,1,1,1,1,1,0],"26":[17,14],"27":[0,1],"28":[1,1],"29":[17,0],"30":[297,294],"31":[178,175],"32":[119,119],"33":[129,126]},"meta":{"lastBranch":34,"lastFunction":30,"lastStatement":122,"seen":{"f:4:2:4:22":0,"s:4:22:4:35":0,"f:6:2:6:17":1,"s:7:30:7:Infinity":1,"s:8:40:8:Infinity":2,"s:9:34:9:Infinity":3,"s:10:24:10:Infinity":4,"s:11:63:11:Infinity":5,"s:13:10:13:Infinity":6,"b:13:21:13:37:13:37:13:44":0,"b:13:44:13:63:13:63:13:70":1,"b:13:70:13:86:13:86:13:Infinity":2,"s:14:25:14:Infinity":7,"s:15:20:15:Infinity":8,"b:15:20:15:54:15:54:15:Infinity":3,"s:16:17:16:Infinity":9,"s:18:29:18:Infinity":10,"b:18:29:18:98:18:98:18:Infinity":4,"f:18:63:18:64":2,"s:18:78:18:93":11,"s:19:28:19:Infinity":12,"b:19:28:19:96:19:96:19:Infinity":5,"f:19:61:19:62":3,"s:19:76:19:91":13,"s:21:30:21:Infinity":14,"b:23:4:27:Infinity:25:4:27:Infinity":6,"s:23:4:27:Infinity":15,"f:23:30:23:31":4,"s:23:45:23:87":16,"f:23:58:23:68":5,"s:23:68:23:86":17,"s:24:6:24:Infinity":18,"b:25:4:27:Infinity:undefined:undefined:undefined:undefined":7,"s:25:4:27:Infinity":19,"f:25:28:25:29":6,"s:25:43:25:89":20,"b:25:43:25:63:25:63:25:89":8,"s:26:6:26:Infinity":21,"b:29:4:31:Infinity:undefined:undefined:undefined:undefined":9,"s:29:4:31:Infinity":22,"s:30:6:30:Infinity":23,"s:33:36:37:Infinity":24,"f:33:62:33:63":7,"s:34:23:34:Infinity":25,"s:35:6:36:Infinity":26,"b:35:13:35:Infinity:36:13:36:Infinity":10,"f:35:34:35:35":8,"s:35:54:35:79":27,"b:39:4:52:Infinity:undefined:undefined:undefined:undefined":11,"s:39:4:52:Infinity":28,"s:40:6:40:Infinity":29,"s:41:6:41:Infinity":30,"s:42:6:42:Infinity":31,"s:43:6:43:Infinity":32,"s:44:6:44:Infinity":33,"s:45:6:45:Infinity":34,"s:46:6:46:Infinity":35,"s:47:6:47:Infinity":36,"s:48:6:48:Infinity":37,"s:49:6:49:Infinity":38,"s:50:6:50:Infinity":39,"s:51:6:51:Infinity":40,"s:54:31:54:Infinity":41,"b:55:4:59:Infinity:undefined:undefined:undefined:undefined":12,"s:55:4:59:Infinity":42,"s:56:6:56:Infinity":43,"s:57:6:57:Infinity":44,"s:58:6:58:Infinity":45,"b:61:4:63:Infinity:undefined:undefined:undefined:undefined":13,"s:61:4:63:Infinity":46,"s:62:6:62:Infinity":47,"b:65:4:69:Infinity:undefined:undefined:undefined:undefined":14,"s:65:4:69:Infinity":48,"s:66:6:66:Infinity":49,"s:67:6:67:Infinity":50,"s:68:6:68:Infinity":51,"s:71:37:71:Infinity":52,"b:71:70:71:93:71:93:71:95":15,"b:72:4:89:Infinity:undefined:undefined:undefined:undefined":16,"s:72:4:89:Infinity":53,"s:73:6:73:Infinity":54,"s:74:6:74:Infinity":55,"s:75:6:75:Infinity":56,"s:76:6:76:Infinity":57,"s:77:6:77:Infinity":58,"s:78:6:78:Infinity":59,"s:79:6:79:Infinity":60,"s:80:6:80:Infinity":61,"s:81:6:81:Infinity":62,"s:82:6:82:Infinity":63,"s:83:6:83:Infinity":64,"s:84:6:84:Infinity":65,"s:85:6:85:Infinity":66,"s:86:6:86:Infinity":67,"s:87:6:87:Infinity":68,"s:88:6:88:Infinity":69,"b:91:4:94:Infinity:undefined:undefined:undefined:undefined":17,"s:91:4:94:Infinity":70,"s:92:6:92:Infinity":71,"s:93:6:93:Infinity":72,"b:96:4:99:Infinity:undefined:undefined:undefined:undefined":18,"s:96:4:99:Infinity":73,"s:97:6:97:Infinity":74,"s:98:6:98:Infinity":75,"s:101:53:101:Infinity":76,"b:103:4:107:Infinity:105:4:107:Infinity":19,"s:103:4:107:Infinity":77,"b:103:8:103:30:103:30:103:54:103:54:103:79":20,"s:104:6:104:Infinity":78,"b:105:4:107:Infinity:undefined:undefined:undefined:undefined":21,"s:105:4:107:Infinity":79,"b:105:15:105:37:105:37:105:69:105:69:105:93":22,"s:106:6:106:Infinity":80,"s:109:4:116:Infinity":81,"f:119:10:119:32":9,"s:120:10:120:Infinity":82,"b:120:21:120:37:120:37:120:44":23,"b:120:44:120:63:120:63:120:Infinity":24,"s:121:18:121:Infinity":83,"s:123:4:133:Infinity":84,"f:123:22:123:30":10,"s:124:24:124:Infinity":85,"s:126:6:132:Infinity":86,"b:126:13:126:Infinity:127:13:127:Infinity:128:13:128:Infinity:129:13:129:Infinity:130:13:130:Infinity:131:13:131:Infinity:132:13:132:Infinity":25,"f:136:10:136:23":11,"s:137:22:137:Infinity":87,"s:138:18:138:Infinity":88,"b:138:18:138:46:138:46:138:Infinity":26,"s:139:4:139:Infinity":89,"f:142:10:142:26":12,"s:143:21:143:Infinity":90,"s:144:18:144:Infinity":91,"b:146:4:146:Infinity:undefined:undefined:undefined:undefined":27,"s:146:4:146:Infinity":92,"b:146:8:146:18:146:18:146:29":28,"s:146:29:146:Infinity":93,"s:148:16:148:Infinity":94,"s:149:27:152:Infinity":95,"s:154:4:154:Infinity":96,"f:157:10:157:22":13,"s:158:20:158:Infinity":97,"s:159:4:159:Infinity":98,"f:162:10:162:32":14,"s:163:28:182:Infinity":99,"s:184:20:184:Infinity":100,"b:184:44:184:76:184:76:184:78":29,"s:186:4:188:Infinity":101,"f:186:24:186:Infinity":15,"s:187:6:187:Infinity":102,"b:187:6:187:34:187:34:187:Infinity":30,"f:191:10:191:35":16,"s:192:30:205:Infinity":103,"s:207:4:209:Infinity":104,"f:207:34:207:Infinity":17,"s:208:6:208:Infinity":105,"b:208:6:208:34:208:34:208:Infinity":31,"f:212:10:212:38":18,"s:213:31:226:Infinity":106,"s:228:4:230:Infinity":107,"f:229:14:229:28":19,"s:229:28:229:97":108,"f:229:52:229:63":20,"s:229:63:229:96":109,"f:230:11:230:25":21,"s:230:25:230:72":110,"f:233:10:233:29":22,"s:234:25:242:Infinity":111,"s:244:4:246:Infinity":112,"f:244:29:244:Infinity":23,"s:245:6:245:Infinity":113,"b:245:6:245:34:245:34:245:Infinity":32,"f:249:10:249:24":24,"s:250:25:260:Infinity":114,"s:262:4:264:Infinity":115,"f:262:29:262:Infinity":25,"s:263:6:263:Infinity":116,"b:263:6:263:32:263:32:263:Infinity":33,"f:267:2:267:21":26,"s:268:4:274:Infinity":117,"f:268:24:268:35":27,"s:269:23:269:Infinity":118,"s:270:6:273:Infinity":119,"f:277:2:277:29":28,"s:278:4:280:Infinity":120,"f:278:27:278:Infinity":29,"s:279:6:279:Infinity":121}}}
,"/root/.haus/extensions/mail-access/src/smtp-client.ts": {"path":"/root/.haus/extensions/mail-access/src/smtp-client.ts","statementMap":{"0":{"start":{"line":19,"column":48},"end":{"line":19,"column":null}},"1":{"start":{"line":20,"column":31},"end":{"line":20,"column":null}},"2":{"start":{"line":23,"column":12},"end":{"line":23,"column":null}},"3":{"start":{"line":26,"column":4},"end":{"line":42,"column":null}},"4":{"start":{"line":27,"column":6},"end":{"line":27,"column":null}},"5":{"start":{"line":29,"column":6},"end":{"line":41,"column":null}},"6":{"start":{"line":46,"column":4},"end":{"line":56,"column":null}},"7":{"start":{"line":47,"column":6},"end":{"line":49,"column":null}},"8":{"start":{"line":48,"column":8},"end":{"line":48,"column":null}},"9":{"start":{"line":50,"column":6},"end":{"line":50,"column":null}},"10":{"start":{"line":51,"column":6},"end":{"line":51,"column":null}},"11":{"start":{"line":53,"column":6},"end":{"line":53,"column":null}},"12":{"start":{"line":55,"column":6},"end":{"line":55,"column":null}},"13":{"start":{"line":60,"column":4},"end":{"line":69,"column":null}},"14":{"start":{"line":61,"column":6},"end":{"line":63,"column":null}},"15":{"start":{"line":62,"column":8},"end":{"line":62,"column":null}},"16":{"start":{"line":64,"column":6},"end":{"line":64,"column":null}},"17":{"start":{"line":65,"column":6},"end":{"line":65,"column":null}},"18":{"start":{"line":67,"column":6},"end":{"line":67,"column":null}},"19":{"start":{"line":68,"column":6},"end":{"line":68,"column":null}},"20":{"start":{"line":73,"column":4},"end":{"line":75,"column":null}},"21":{"start":{"line":74,"column":6},"end":{"line":74,"column":null}},"22":{"start":{"line":77,"column":20},"end":{"line":87,"column":null}},"23":{"start":{"line":89,"column":4},"end":{"line":91,"column":null}},"24":{"start":{"line":90,"column":6},"end":{"line":90,"column":null}},"25":{"start":{"line":92,"column":4},"end":{"line":92,"column":null}},"26":{"start":{"line":96,"column":4},"end":{"line":98,"column":null}},"27":{"start":{"line":97,"column":6},"end":{"line":97,"column":null}},"28":{"start":{"line":100,"column":20},"end":{"line":108,"column":null}},"29":{"start":{"line":110,"column":4},"end":{"line":112,"column":null}},"30":{"start":{"line":111,"column":6},"end":{"line":111,"column":null}},"31":{"start":{"line":113,"column":4},"end":{"line":113,"column":null}},"32":{"start":{"line":117,"column":4},"end":{"line":119,"column":null}},"33":{"start":{"line":118,"column":6},"end":{"line":118,"column":null}},"34":{"start":{"line":121,"column":20},"end":{"line":127,"column":null}},"35":{"start":{"line":129,"column":4},"end":{"line":131,"column":null}},"36":{"start":{"line":130,"column":6},"end":{"line":130,"column":null}},"37":{"start":{"line":132,"column":4},"end":{"line":132,"column":null}},"38":{"start":{"line":136,"column":4},"end":{"line":143,"column":null}},"39":{"start":{"line":137,"column":6},"end":{"line":142,"column":null}},"40":{"start":{"line":138,"column":8},"end":{"line":138,"column":null}},"41":{"start":{"line":139,"column":8},"end":{"line":139,"column":null}},"42":{"start":{"line":141,"column":8},"end":{"line":141,"column":null}},"43":{"start":{"line":144,"column":4},"end":{"line":144,"column":null}}},"fnMap":{"0":{"name":"(anonymous_0)","decl":{"start":{"line":22,"column":2},"end":{"line":22,"column":null}},"loc":{"start":{"line":25,"column":4},"end":{"line":43,"column":null}},"line":25},"1":{"n
[...]
691},"17":{"name":"(anonymous_17)","decl":{"start":{"line":730,"column":13},"end":{"line":730,"column":20}},"loc":{"start":{"line":730,"column":71},"end":{"line":773,"column":null}},"line":730}},"branchMap":{"0":{"loc":{"start":{"line":199,"column":26},"end":{"line":199,"column":null}},"type":"binary-expr","locations":[{"start":{"line":199,"column":26},"end":{"line":199,"column":55}},{"start":{"line":199,"column":55},"end":{"line":199,"column":null}}],"line":199},"1":{"loc":{"start":{"line":210,"column":17},"end":{"line":210,"column":null}},"type":"binary-expr","locations":[{"start":{"line":210,"column":17},"end":{"line":210,"column":33}},{"start":{"line":210,"column":33},"end":{"line":210,"column":null}}],"line":210},"2":{"loc":{"start":{"line":211,"column":18},"end":{"line":211,"column":null}},"type":"binary-expr","locations":[{"start":{"line":211,"column":18},"end":{"line":211,"column":35}},{"start":{"line":211,"column":35},"end":{"line":211,"column":null}}],"line":211},"3":{"loc":{"start":{"line":213,"column":18},"end":{"line":213,"column":null}},"type":"binary-expr","locations":[{"start":{"line":213,"column":18},"end":{"line":213,"column":35}},{"start":{"line":213,"column":35},"end":{"line":213,"column":null}}],"line":213},"4":{"loc":{"start":{"line":224,"column":20},"end":{"line":224,"column":null}},"type":"binary-expr","locations":[{"start":{"line":224,"column":20},"end":{"line":224,"column":53}},{"start":{"line":224,"column":53},"end":{"line":224,"column":null}}],"line":224},"5":{"loc":{"start":{"line":242,"column":23},"end":{"line":242,"column":null}},"type":"cond-expr","locations":[{"start":{"line":242,"column":48},"end":{"line":242,"column":64}},{"start":{"line":242,"column":64},"end":{"line":242,"column":null}}],"line":242},"6":{"loc":{"start":{"line":259,"column":23},"end":{"line":259,"column":null}},"type":"binary-expr","locations":[{"start":{"line":259,"column":23},"end":{"line":259,"column":40}},{"start":{"line":259,"column":40},"end":{"line":259,"column":null}}],"line":259},"7":{"loc":{"start":{"line":268,"column":16},"end":{"line":268,"column":null}},"type":"binary-expr","locations":[{"start":{"line":268,"column":16},"end":{"line":268,"column":32}},{"start":{"line":268,"column":32},"end":{"line":268,"column":null}}],"line":268},"8":{"loc":{"start":{"line":289,"column":23},"end":{"line":289,"column":null}},"type":"cond-expr","locations":[{"start":{"line":289,"column":48},"end":{"line":289,"column":64}},{"start":{"line":289,"column":64},"end":{"line":289,"column":null}}],"line":289},"9":{"loc":{"start":{"line":306,"column":23},"end":{"line":306,"column":null}},"type":"binary-expr","locations":[{"start":{"line":306,"column":23},"end":{"line":306,"column":40}},{"start":{"line":306,"column":40},"end":{"line":306,"column":null}}],"line":306},"10":{"loc":{"start":{"line":310,"column":30},"end":{"line":312,"column":null}},"type":"cond-expr","locations":[{"start":{"line":311,"column":12},"end":{"line":311,"column":null}},{"start":{"line":312,"column":12},"end":{"line":312,"column":null}}],"line":310},"11":{"loc":{"start":{"line":339,"column":23},"end":{"line":339,"column":null}},"type":"cond-expr","locations":[{"start":{"line":339,"column":48},"end":{"line":339,"column":64}},{"start":{"line":339,"column":64},"end":{"line":339,"column":null}}],"line":339},"12":{"loc":{"start":{"line":356,"column":23},"end":{"line":356,"column":null}},"type":"binary-expr","locations":[{"start":{"line":356,"column":23},"end":{"line":356,"column":40}},{"start":{"line":356,"column":40},"end":{"line":356,"column":null}}],"line":356},"13":{"loc":{"start":{"line":360,"column":31},"end":{"line":360,"column":null}},"type":"binary-expr","locations":[{"start":{"line":360,"column":31},"end":{"line":360,"column":49}},{"start":{"line":360,"column":49},"end":{"line":360,"column":null}}],"line":360},"14":{"loc":{"start":{"line":386,"column":23},"end":{"line":386,"column":null}},"type":"cond-expr","locations":[{"start":{"line":386,"column":48},"end":{"line":386,"column":64}},{"start":{"line":386,"column":64},"end":{"line":386,"column":null}}],"line":386},"15":{"loc":{"start":{"line":430,"column":23},"end":{"line":430,"column":null}},"type":"cond-expr","locations":[{"start":{"line":430,"column":48},"end":{"line":430,"column":64}},{"start":{"line":430,"column":64},"end":{"line":430,"column":null}}],"line":430},"16":{"loc":{"start":{"line":447,"column":23},"end":{"line":447,"column":null}},"type":"binary-expr","locations":[{"start":{"line":447,"column":23},"end":{"line":447,"column":40}},{"start":{"line":447,"column":40},"end":{"line":447,"column":null}}],"line":447},"17":{"loc":{"start":{"line":468,"column":23},"end":{"line":468,"column":null}},"type":"cond-expr","locations":[{"start":{"line":468,"column":48},"end":{"line":468,"column":64}},{"start":{"line":468,"column":64},"end":{"line":468,"column":null}}],"line":468},"18":{"loc":{"start":{"line":485,"column":30},"end":{"line":485,"column":null}},"type":"binary-expr","locations":[{"start":{"line":485,"column":30},"end":{"line":485,"column":54}},{"start":{"line":485,"column":54},"end":{"line":485,"column":null}}],"line":485},"19":{"loc":{"start":{"line":506,"column":23},"end":{"line":506,"column":null}},"type":"cond-expr","locations":[{"start":{"line":506,"column":48},"end":{"line":506,"column":64}},{"start":{"line":506,"column":64},"end":{"line":506,"column":null}}],"line":506},"20":{"loc":{"start":{"line":517,"column":22},"end":{"line":517,"column":null}},"type":"binary-expr","locations":[{"start":{"line":517,"column":22},"end":{"line":517,"column":47}},{"start":{"line":517,"column":47},"end":{"line":517,"column":null}}],"line":517},"21":{"loc":{"start":{"line":518,"column":26},"end":{"line":518,"column":null}},"type":"binary-expr","locations":[{"start":{"line":518,"column":26},"end":{"line":518,"column":55}},{"start":{"line":518,"column":55},"end":{"line":518,"column":null}}],"line":518},"22":{"loc":{"start":{"line":519,"column":27},"end":{"line":519,"column":null}},"type":"binary-expr","locations":[{"start":{"line":519,"column":27},"end":{"line":519,"column":57}},{"start":{"line":519,"column":57},"end":{"line":519,"column":null}}],"line":519},"23":{"loc":{"start":{"line":520,"column":22},"end":{"line":520,"column":null}},"type":"binary-expr","locations":[{"start":{"line":520,"column":22},"end":{"line":520,"column":47}},{"start":{"line":520,"column":47},"end":{"line":520,"column":null}}],"line":520},"24":{"loc":{"start":{"line":528,"column":36},"end":{"line":528,"column":69}},"type":"cond-expr","locations":[{"start":{"line":528,"column":53},"end":{"line":528,"column":61}},{"start":{"line":528,"column":61},"end":{"line":528,"column":69}}],"line":528},"25":{"loc":{"start":{"line":532,"column":18},"end":{"line":532,"column":null}},"type":"cond-expr","locations":[{"start":{"line":532,"column":35},"end":{"line":532,"column":44}},{"start":{"line":532,"column":44},"end":{"line":532,"column":null}}],"line":532},"26":{"loc":{"start":{"line":561,"column":10},"end":{"line":567,"column":null}},"type":"if","locations":[{"start":{"line":561,"column":10},"end":{"line":567,"column":null}},{"start":{"line":563,"column":10},"end":{"line":567,"column":null}}],"line":561},"27":{"loc":{"start":{"line":563,"column":10},"end":{"line":567,"column":null}},"type":"if","locations":[{"start":{"line":563,"column":10},"end":{"line":567,"column":null}},{"start":{"line":565,"column":17},"end":{"line":567,"column":null}}],"line":563},"28":{"loc":{"start":{"line":572,"column":33},"end":{"line":572,"column":null}},"type":"cond-expr","locations":[{"start":{"line":572,"column":58},"end":{"line":572,"column":119}},{"start":{"line":572,"column":119},"end":{"line":572,"column":null}}],"line":572},"29":{"loc":{"start":{"line":597,"column":23},"end":{"line":597,"column":null}},"type":"cond-expr","locations":[{"start":{"line":597,"column":48},"end":{"line":597,"column":64}},{"start":{"line":597,"column":64},"end":{"line":597,"column":null}}],"line":597},"30":{"loc":{"start":{"line":636,"column":23},"end":{"line":636,"column":null}},"type":"cond-expr","locations":[{"start":{"line":636,"column":48},"end":{"line":636,"column":64}},{"start":{"line":636,"column":64},"end":{"line":636,"column":null}}],"line":636},"31":{"loc":{"start":{"line":651,"column":60},"end":{"line":651,"column":101}},"type":"cond-expr","locations":[{"start":{"line":651,"column":76},"end":{"line":651,"column":99}},{"start":{"line":651,"column":99},"end":{"line":651,"column":101}}],"line":651},"32":{"loc":{"start":{"line":678,"column":23},"end":{"line":678,"column":null}},"type":"cond-expr","locations":[{"start":{"line":678,"column":48},"end":{"line":678,"column":64}},{"start":{"line":678,"column":64},"end":{"line":678,"column":null}}],"line":678},"33":{"loc":{"start":{"line":717,"column":23},"end":{"line":717,"column":null}},"type":"cond-expr","locations":[{"start":{"line":717,"column":48},"end":{"line":717,"column":64}},{"start":{"line":717,"column":64},"end":{"line":717,"column":null}}],"line":717},"34":{"loc":{"start":{"line":737,"column":8},"end":{"line":747,"column":null}},"type":"if","locations":[{"start":{"line":737,"column":8},"end":{"line":747,"column":null}},{"start":{"line":745,"column":15},"end":{"line":747,"column":null}}],"line":737},"35":{"loc":{"start":{"line":737,"column":12},"end":{"line":737,"column":81}},"type":"binary-expr","locations":[{"start":{"line":737,"column":12},"end":{"line":737,"column":42}},{"start":{"line":737,"column":42},"end":{"line":737,"column":81}}],"line":737},"36":{"loc":{"start":{"line":740,"column":10},"end":{"line":744,"column":null}},"type":"if","locations":[{"start":{"line":740,"column":10},"end":{"line":744,"column":null}},{"start":{},"end":{}}],"line":740},"37":{"loc":{"start":{"line":755,"column":30},"end":{"line":755,"column":null}},"type":"binary-expr","locations":[{"start":{"line":755,"column":30},"end":{"line":755,"column":68}},{"start":{"line":755,"column":68},"end":{"line":755,"column":null}}],"line":755},"38":{"loc":{"start":{"line":767,"column":23},"end":{"line":767,"column":null}},"type":"cond-expr","locations":[{"start":{"line":767,"column":48},"end":{"line":767,"column":64}},{"start":{"line":767,"column":64},"end":{"line":767,"column":null}}],"line":767}},"s":{"0":1,"1":1,"2":1,"3":1,"4":1,"5":1,"6":1,"7":1,"8":1,"9":1,"10":1,"11":1,"12":1,"13":1,"14":1,"15":1,"16":1,"17":1,"18":1,"19":1,"20":1,"21":1,"22":1,"23":1,"24":8,"25":8,"26":0,"27":0,"28":0,"29":0,"30":0,"31":0,"32":0,"33":0,"34":0,"35":0,"36":8,"37":0,"38":0,"39":0,"40":0,"41":0,"42":0,"43":0,"44":0,"45":0,"46":0,"47":0,"48":0,"49":8,"50":1,"51":1,"52":1,"53":1,"54":1,"55":0,"56":1,"57":0,"58":1,"59":0,"60":0,"61":0,"62":1,"63":1,"64":8,"65":0,"66":0,"67":0,"68":0,"69":0,"70":0,"71":0,"72":0,"73":0,"74":0,"75":0,"76":0,"77":0,"78":8,"79":0,"80":0,"81":0,"82":0,"83":0,"84":0,"85":0,"86":0,"87":0,"88":8,"89":0,"90":0,"91":0,"92":0,"93":0,"94":0,"95":0,"96":0,"97":0,"98":0,"99":0,"100":8,"101":0,"102":0,"103":0,"104":0,"105":0,"106":0,"107":0,"108":0,"109":0,"110":0,"111":4,"112":4,"113":4,"114":4,"115":4,"116":2,"117":2,"118":2,"119":2,"120":2,"121":2,"122":2,"123":2,"124":2,"125":2,"126":2,"127":2,"128":2,"129":2,"130":0,"131":0,"132":0,"133":2,"134":2,"135":2,"136":2,"137":0,"138":0,"139":4,"140":0,"141":0,"142":0,"143":0,"144":0,"145":0,"146":0,"147":0,"148":4,"149":0,"150":0,"151":0,"152":0,"153":0,"154":0,"155":0,"156":0,"157":0,"158":4,"159":0,"160":0,"161":0,"162":0,"163":0,"164":0,"165":0,"166":0,"167":4,"168":0,"169":0,"170":0,"171":0,"172":0,"173":0,"174":0,"175":0,"176":0,"177":0,"178":0,"179":0,"180":0,"181":0},"f":{"0":8,"1":0,"2":0,"3":0,"4":0,"5":0,"6":1,"7":0,"8":0,"9":0,"10":0,"11":0,"12":4,"13":2,"14":0,"15":0,"16":0,"17":0},"b":{"0":[8,0],"1":[0,0],"2":[0,0],"3":[0,0],"4":[0,0],"5":[0,0],"6":[0,0],"7":[0,0],"8":[0,0],"9":[1,1],"10":[0,0],"11":[1,0],"12":[0,0],"13":[0,0],"14":[0,0],"15":[0,0],"16":[0,0],"17":[0,0],"18":[0,0],"19":[0,0],"20":[4,0],"21":[4,0],"22":[4,0],"23":[4,4],"24":[0,2],"25":[0,2],"26":[2,0],"27":[0,0],"28":[2,0],"29":[0,0],"30":[0,0],"31":[0,0],"32":[0,0],"33":[0,0],"34":[0,0],"35":[0,0],"36":[0,0],"37":[0,0],"38":[0,0]},"meta":{"lastBranch":39,"lastFunction":18,"lastStatement":182,"seen":{"s:6:35:11:Infinity":0,"s:13:35:25:Infinity":1,"s:27:36:30:Infinity":2,"s:32:36:48:Infinity":3,"s:50:33:55:Infinity":4,"s:57:33:61:Infinity":5,"s:63:35:70:Infinity":6,"s:72:35:76:Infinity":7,"s:78:36:85:Infinity":8,"s:87:36:91:Infinity":9,"s:93:35:96:Infinity":10,"s:98:35:102:Infinity":11,"s:104:32:108:Infinity":12,"s:110:32:114:Infinity":13,"s:116:36:118:Infinity":14,"s:120:36:139:Infinity":15,"s:141:36:143:Infinity":16,"s:145:36:149:Infinity":17,"s:151:38:154:Infinity":18,"s:156:38:161:Infinity":19,"s:163:33:165:Infinity":20,"s:167:33:171:Infinity":21,"s:173:39:190:Infinity":22,"s:192:39:196:Infinity":23,"f:198:16:198:38":0,"s:199:26:199:Infinity":24,"b:199:26:199:55:199:55:199:Infinity":0,"s:201:2:249:Infinity":25,"f:205:13:205:20":1,"s:206:6:247:Infinity":26,"s:207:8:207:Infinity":27,"s:209:25:214:Infinity":28,"b:210:17:210:33:210:33:210:Infinity":1,"b:211:18:211:35:211:35:211:Infinity":2,"b:213:18:213:35:213:35:213:Infinity":3,"s:216:22:216:Infinity":29,"s:217:23:227:Infinity":30,"f:218:33:218:34":2,"s:218:48:225:12":31,"b:224:20:224:53:224:53:224:Infinity":4,"s:229:8:229:Infinity":32,"s:231:8:233:Infinity":33,"s:235:8:235:Infinity":34,"s:236:8:246:Infinity":35,"b:242:48:242:64:242:64:242:Infinity":5,"s:251:2:296:Infinity":36,"f:255:13:255:20":3,"s:256:6:294:Infinity":37,"s:257:8:257:Infinity":38,"s:259:23:259:Infinity":39,"b:259:23:259:40:259:40:259:Infinity":6,"s:260:8:260:Infinity":40,"s:261:24:261:Infinity":41,"s:263:23:274:Infinity":42,"f:265:40:265:41":4,"s:265:55:265:63":43,"b:268:16:268:32:268:32:268:Infinity":7,"f:269:48:269:49":5,"s:269:63:273:12":44,"s:276:8:276:Infinity":45,"s:278:8:280:Infinity":46,"s:282:8:282:Infinity":47,"s:283:8:293:Infinity":48,"b:289:48:289:64:289:64:289:Infinity":8,"s:298:2:346:Infinity":49,"f:302:13:302:20":6,"s:303:6:344:Infinity":50,"s:304:8:304:Infinity":51,"s:306:23:306:Infinity":52,"b:306:23:306:40:306:40:306:Infinity":9,"s:307:8:307:Infinity":53,"s:308:24:308:Infinity":54,"s:310:30:312:Infinity":55,"b:311:12:311:Infinity:312:12:312:Infinity":10,"s:314:34:320:Infinity":56,"f:315:40:315:41":7,"s:315:55:315:63":57,"s:322:8:322:Infinity":58,"s:323:23:323:Infinity":59,"s:325:8:325:Infinity":60,"s:327:8:329:Infinity":61,"s:331:8:331:Infinity":62,"s:332:8:343:Infinity":63,"b:339:48:339:64:339:64:339:Infinity":11,"s:348:2:393:Infinity":64,"f:352:13:352:20":8,"s:353:6:391:Infinity":65,"s:354:8:354:Infinity":66,"s:356:23:356:Infinity":67,"b:356:23:356:40:356:40:356:Infinity":12,"s:357:8:357:Infinity":68,"s:358:24:358:Infinity":69,"s:360:31:360:Infinity":70,"b:360:31:360:49:360:49:360:Infinity":13,"s:362:34:367:Infinity":71,"s:369:8:369:Infinity":72,"s:370:23:370:Infinity":73,"s:372:8:372:Infinity":74,"s:374:8:376:Infinity":75,"s:378:8:378:Infinity":76,"s:379:8:390:Infinity":77,"b:386:48:386:64:386:64:386:Infinity":14,"s:395:2:437:Infinity":78,"f:399:13:399:20":9,"s:400:6:435:Infinity":79,"s:401:8:401:Infinity":80,"s:403:34:411:Infinity":81,"s:413:8:413:Infinity":82,"s:414:23:414:Infinity":83,"s:416:8:416:Infinity":84,"s:418:8:420:Infinity":85,"s:422:8:422:Infinity":86,"s:423:8:434:Infinity":87,"b:430:48:430:64:430:64:430:Infinity":15,"s:439:2:475:Infinity":88,"f:443:13:443:20":10,"s:444:6:473:Infinity":89,"s:445:8:445:Infinity":90,"s:447:23:447:Infinity":91,"b:447:23:447:40:447:40:447:Infinity":16,"s:448:28:448:Infinity":92,"s:450:8:450:Infinity":93,"s:451:8:451:Infinity":94,"s:452:8:452:Infinity":95,"s:454:8:454:Infinity":96,"s:456:8:458:Infinity":97,"s:460:8:460:Infinity":98,"s:461:8:472:Infinity":99,"b:468:48:468:64:468:64:468:Infinity":17,"s:477:2:513:Infinity":100,"f:481:13:481:20":11,"s:482:6:511:Infinity":101,"s:483:8:483:Infinity":102,"s:485:30:485:Infinity":103,"b:485:30:485:54:485:54:485:Infinity":18,"s:487:8:487:Infinity":104,"s:488:8:488:Infinity":105,"s:489:8:489:Infinity":106,"s:491:8:491:Infinity":107,"s:493:8:495:Infinity":108,"s:497:8:497:Infinity":109,"s:498:8:510:Infinity":110,"b:506:48:506:64:506:64:506:Infinity":19,"f:516:16:516:38":12,"s:517:22:517:Infinity":111,"b:517:22:517:47:517:47:517:Infinity":20,"s:518:26:518:Infinity":112,"b:518:26:518:55:518:55:518:Infinity":21,"s:519:27:519:Infinity":113,"b:519:27:519:57:519:57:519:Infinity":22,"s:520:22:520:Infinity":114,"b:520:22:520:47:520:47:520:Infinity":23,"s:522:2:604:Infinity":115,"f:526:13:526:20":13,"s:527:6:602:Infinity":116,"s:528:8:528:Infinity":117,"b:528:53:528:61:528:61:528:69":24,"s:530:25:533:Infinity":118,"b:532:35:532:44:532:44:532:Infinity":25,"s:535:32:535:Infinity":119,"s:536:31:536:Infinity":120,"s:537:24:537:Infinity":121,"s:538:30:538:Infinity":122,"s:539:29:539:Infinity":123,"s:541:8:570:Infinity":124,"s:542:27:542:Infinity":125,"s:543:30:550:Infinity":126,"s:552:10:559:Infinity":127,"b:561:10:567:Infinity:563:10:567:Infinity":26,"s:561:10:567:Infinity":128,"s:562:12:562:Infinity":129,"b:563:10:567:Infinity:565:17:567:Infinity":27,"s:563:10:567:Infinity":130,"s:564:12:564:Infinity":131,"s:566:12:566:Infinity":132,"s:569:10:569:Infinity":133,"s:572:33:572:Infinity":134,"b:572:58:572:119:572:119:572:Infinity":28,"s:574:8:574:Infinity":135,"s:576:8:588:Infinity":136,"s:590:8:590:Infinity":137,"s:591:8:601:Infinity":138,"b:597:48:597:64:597:64:597:Infinity":29,"s:606:2:643:Infinity":139,"f:610:13:610:20":14,"s:611:6:641:Infinity":140,"s:612:8:612:Infinity":141,"s:614:8:614:Infinity":142,"s:615:8:615:Infinity":143,"s:617:8:617:Infinity":144,"s:619:8:625:Infinity":145,"s:627:8:627:Infinity":146,"s:628:8:640:Infinity":147,"b:636:48:636:64:636:64:636:Infinity":30,"s:645:2:685:Infinity":148,"f:649:13:649:20":15,"s:650:6:683:Infinity":149,"s:651:8:651:Infinity":150,"b:651:76:651:99:651:99:651:101":31,"s:653:29:653:Infinity":151,"s:655:8:655:Infinity":152,"s:656:8:656:Infinity":153,"s:658:8:658:Infinity":154,"s:660:8:667:Infinity":155,"s:669:8:669:Infinity":156,"s:670:8:682:Infinity":157,"b:678:48:678:64:678:64:678:Infinity":32,"s:687:2:724:Infinity":158,"f:691:13:691:20":16,"s:692:6:722:Infinity":159,"s:693:8:693:Infinity":160,"s:695:8:695:Infinity":161,"s:696:8:696:Infinity":162,"s:698:8:698:Infinity":163,"s:700:8:706:Infinity":164,"s:708:8:708:Infinity":165,"s:709:8:721:Infinity":166,"b:717:48:717:64:717:64:717:Infinity":33,"s:726:2:774:Infinity":167,"f:730:13:730:20":17,"s:731:6:772:Infinity":168,"s:732:8:732:Infinity":169,"s:734:25:734:Infinity":170,"s:735:22:735:Infinity":171,"b:737:8:747:Infinity:745:15:747:Infinity":34,"s:737:8:747:Infinity":172,"b:737:12:737:42:737:42:737:81":35,"s:738:10:738:Infinity":173,"b:740:10:744:Infinity:undefined:undefined:undefined:undefined":36,"s:740:10:744:Infinity":174,"s:741:12:741:Infinity":175,"s:742:12:742:Infinity":176,"s:743:12:743:Infinity":177,"s:746:10:746:Infinity":178,"s:749:8:757:Infinity":179,"b:755:30:755:68:755:68:755:Infinity":37,"s:759:8:759:Infinity":180,"s:760:8:771:Infinity":181,"b:767:48:767:64:767:64:767:Infinity":38}}}
,"/root/.haus/extensions/mail-access/src/types.ts": {"path":"/root/.haus/extensions/mail-access/src/types.ts","statementMap":{"0":{"start":{"line":3,"column":32},"end":{"line":9,"column":null}},"1":{"start":{"line":13,"column":32},"end":{"line":20,"column":null}},"2":{"start":{"line":24,"column":34},"end":{"line":30,"column":null}},"3":{"start":{"line":34,"column":36},"end":{"line":41,"column":null}},"4":{"start":{"line":45,"column":36},"end":{"line":49,"column":null}},"5":{"start":{"line":53,"column":40},"end":{"line":56,"column":null}},"6":{"start":{"line":60,"column":34},"end":{"line":67,"column":null}}},"fnMap":{},"branchMap":{},"s":{"0":0,"1":0,"2":0,"3":0,"4":0,"5":0,"6":0},"f":{},"b":{},"meta":{"lastBranch":0,"lastFunction":0,"lastStatement":7,"seen":{"s:3:32:9:Infinity":0,"s:13:32:20:Infinity":1,"s:24:34:30:Infinity":2,"s:34:36:41:Infinity":3,"s:45:36:49:Infinity":4,"s:53:40:56:Infinity":5,"s:60:34:67:Infinity":6}}}
}
